4 0 171 260 286 
2 1 158 
5 2 144 206 271 292 
1 3 
5 4 112 157 166 266 
2 5 279 
1 6 
1 7 
2 8 181 
6 9 104 163 176 189 244 
3 10 125 237 
2 11 167 
3 12 111 162 
2 13 246 
4 14 141 154 186 
1 15 
1 16 
3 17 193 270 
3 18 284 288 
1 19 
3 20 107 134 
3 21 253 258 
3 22 175 296 
2 23 156 
5 24 197 224 229 272 
7 25 108 138 177 215 233 248 
5 26 127 147 182 231 
2 27 190 
1 28 
2 29 142 
2 30 243 
6 31 113 150 178 256 294 
4 32 148 183 205 
2 33 192 
1 34 
2 35 204 
1 36 
5 37 122 201 207 247 
4 38 102 116 155 
4 39 132 133 191 
4 40 226 265 276 
4 41 149 236 290 
3 42 135 168 
2 43 274 
2 44 161 
2 45 289 
2 46 174 
7 47 101 129 143 228 245 252 
4 48 120 249 261 
5 49 195 211 227 242 
5 50 115 254 263 269 
3 51 185 230 
3 52 210 277 
3 53 200 238 
2 54 139 
2 55 103 
2 56 297 
2 57 273 
2 58 145 
6 59 173 180 187 198 287 
1 60 
2 61 124 
1 62 
5 63 255 281 282 291 
5 64 153 170 199 293 
5 65 184 202 240 262 
5 66 130 140 179 264 
2 67 203 
5 68 100 128 251 298 
2 69 214 
4 70 152 250 259 
6 71 117 146 222 283 295 
2 72 223 
2 73 280 
1 74 
3 75 188 257 
3 76 123 278 
2 77 219 
1 78 
4 79 216 221 225 
5 80 160 164 212 218 
2 81 126 
3 82 119 275 
7 83 114 165 172 209 213 285 
3 84 235 241 
3 85 137 169 
1 86 
2 87 105 
3 88 106 268 
2 89 208 
4 90 121 131 151 
3 91 109 196 
1 92 
4 93 118 234 299 
3 94 220 232 
4 95 110 136 194 
1 96 
2 97 217 
2 98 159 
3 99 239 267 
