48 0 797 954 1228 1317 2236 2417 2793 2819 2889 2893 2900 2906 2917 2921 2963 2985 2999 3233 3242 3262 3332 3628 3630 3849 3877 4131 4194 4198 4253 4277 4280 4346 4369 4390 4400 5514 5655 5709 5715 5732 5736 5746 5757 5779 5790 5802 5809 
109 1 717 1058 1080 1127 1170 1213 1750 1814 1887 2089 2194 2490 2538 2613 4224 4383 4438 4815 4952 4972 5055 5065 5160 5162 5430 5439 5440 5478 5486 5621 5626 5644 5659 5663 5664 5666 5676 5723 5751 5775 5818 5828 5834 6241 6247 6259 6315 6319 6338 6344 6397 6398 6449 6451 6472 6494 6505 6524 6525 6533 6536 6544 6550 6555 6559 6566 6571 6572 6573 6574 6575 6579 6584 6586 6590 6591 6601 6603 6611 6617 6618 6620 6625 6629 6631 6633 6784 6813 6818 6819 6823 6832 6833 6835 6860 6883 6884 6898 6901 6903 6906 6907 6908 6926 6929 6931 6935 6938 
33 2 942 980 1114 1132 1757 2154 2592 2707 3102 3547 3575 3649 3695 3699 3806 4076 4225 4325 4341 4532 4554 4563 4693 4707 4753 4856 4913 4969 5007 5032 5051 6552 
53 3 892 932 943 1050 1096 1104 1761 1768 2087 2339 2577 2598 2643 2724 2727 2837 2894 2991 3046 3664 3680 3739 3829 3884 3963 3970 3979 3996 4046 4063 4073 4074 4081 4093 4175 4201 4215 5806 5823 5825 5868 5873 5884 5898 5909 5910 5912 5922 5925 5943 5968 5975 
101 4 521 1784 1788 1877 2112 2118 2142 2182 2210 2214 2273 3507 3513 3520 3805 3835 3843 4044 4061 4179 4192 4302 4312 4322 4408 4427 4439 4749 4959 5014 5151 5325 5344 7922 7929 7930 7931 7941 7942 7943 7944 7946 7947 7948 7949 7951 7952 7953 7954 7955 7958 7959 7963 7966 7967 7969 7970 7971 7972 7977 7978 7980 7982 7986 7990 7991 7992 7996 7997 7998 7999 8000 8001 8002 8003 8004 8006 8007 8008 8012 8013 8019 8022 8025 8026 8027 8028 8029 8030 8032 8035 8039 8041 8042 8045 8047 8049 8052 8053 8055 
5 5 1501 1614 2852 2918 
1 6 
72 7 1208 8319 8320 8321 8326 8328 8329 8394 8395 8396 8398 8405 8410 8412 8416 8418 8419 8420 8422 8433 8434 8437 8438 8442 8443 8444 8445 8451 8452 8453 8457 8458 8460 8461 8463 8464 8465 8466 8467 8471 8472 8474 8476 8481 8483 8484 8485 8486 8487 8488 8489 8490 8491 8492 8493 8494 8495 8496 8497 8498 8499 8500 8501 8502 8503 8504 8505 8506 8512 8513 8515 
1 8 
8 9 735 895 1162 1655 1661 1783 1902 
23 10 1383 1726 1745 2083 2147 2162 2170 2300 2402 2404 2421 2450 2600 2662 2670 3257 3275 3284 3394 3414 3809 3832 
1 11 
1 12 
2 13 468 
24 14 478 716 785 1027 1225 1259 1281 2114 2120 2224 2280 2310 2428 2454 2464 2526 2544 2559 2858 2930 2942 4353 4367 
24 15 421 978 1056 1074 1413 1426 2477 2620 6130 6144 6147 6148 6161 6168 6172 6186 6196 6200 6218 6248 6249 6251 6273 
2 16 994 
3 17 437 855 
10 18 911 988 1076 1258 1384 1512 1529 1651 2074 
9 19 452 769 974 1227 1246 1493 8180 8182 
1 20 
47 21 531 832 1318 1448 1451 1988 1991 2176 2216 2227 2246 2277 2626 2653 2838 2863 2939 3023 3052 3068 3156 3210 3222 3286 3320 3721 3738 3756 3798 4067 4122 4298 4307 4454 4457 4520 4521 4567 4576 4584 4649 4914 4953 5141 5173 5174 
53 22 558 652 893 921 1013 1023 1270 1397 1431 1606 1638 2401 2495 2497 2519 2557 2590 2627 2668 2677 2689 2715 3008 3010 3028 3461 4029 4234 4279 4456 4482 4530 4593 4638 4639 4659 4698 4716 4744 4772 4775 4808 4809 4818 4996 5497 5500 5502 5612 5616 5681 5695 
23 23 987 1753 2640 2661 2762 2810 3145 3451 3460 3492 3793 3803 4027 4037 4064 4108 4110 4168 4182 4189 4200 4216 
46 24 403 724 767 1059 1160 1207 1211 3725 4411 4499 4523 4561 4568 4602 4622 4732 4736 4745 4747 4755 4804 4846 4852 4860 4883 4887 4929 4934 4970 4974 4985 5031 5034 5686 5688 5690 5693 5697 5718 5722 5756 5819 5829 5844 6215 
3 25 953 1000 
39 26 505 927 1065 1136 1180 1191 2822 3094 3134 3278 3292 3333 3334 3380 3674 6610 6614 6615 6616 6619 6621 6628 6652 6687 6689 6697 6700 6705 6706 6721 6732 6734 6739 6749 6756 6757 6760 6762 
5 27 492 836 1930 1940 
70 28 401 488 512 553 800 817 933 965 1412 1533 1609 1739 2575 3091 3149 3157 3173 3230 3236 3323 3530 3577 3578 3604 3662 3667 3749 3779 3934 5228 5236 5240 5287 5293 5307 5388 5477 5489 5504 5520 5528 5590 5600 5607 5609 5624 5637 5647 5669 5677 5678 5717 5833 5877 5904 5914 5916 5929 5932 5933 5934 5935 5938 5941 6014 6022 6033 6037 6038 
19 29 603 998 1536 1558 1565 1666 1924 1984 2260 2660 2686 2773 2776 2792 2803 2888 2914 2926 
1 30 
160 31 675 751 886 940 2239 2275 2284 2794 2859 3005 3187 3229 3302 3307 3314 9283 9284 9370 9373 9377 9382 9387 9388 9433 9435 9450 9455 9456 9457 9459 9460 9461 9462 9463 9464 9465 9466 9467 9472 9478 9479 9480 9482 9483 9484 9498 9502 9504 9505 9510 9511 9514 9542 9554 9559 9561 9565 9568 9570 9572 9573 9574 9580 9582 9583 9624 9626 9627 9628 9630 9633 9635 9642 9643 9645 9649 9656 9666 9667 9668 9674 9675 9681 9685 9686 9687 9699 9701 9704 9706 9707 9708 9709 9710 9711 9717 9719 9723 9724 9737 9739 9740 9742 9745 9760 9761 9764 9765 9768 9770 9771 9774 9775 9781 9808 9813 9814 9815 9821 9823 9824 9829 9831 9833 9834 9837 9842 9852 9856 9862 9865 9867 9871 9872 9878 9880 9881 9884 9886 9887 9888 9889 9890 9898 9902 9903 9904 9907 9908 9911 9917 9927 9928 9929 9938 9944 9946 9949 9950 
6 32 574 650 962 1183 1315 
53 33 667 733 2511 2652 2923 2928 2957 2973 3043 3151 3170 3344 3360 3432 3566 3687 3702 3718 3789 3882 3972 3974 3976 4250 4448 4460 4473 4654 5339 5346 5570 5602 5611 5614 5651 5653 5665 5683 5691 5786 5787 5788 5858 5859 6237 6254 6257 6258 6269 6340 6343 6372 
339 34 1216 1314 1322 1342 1358 1585 1711 1989 2016 2059 2610 2671 2673 2705 2741 2775 3004 3060 3128 3133 3163 3549 3564 3873 3886 3905 3931 3968 4187 4462 4479 4522 4536 4542 4543 4552 4687 4805 9055 9056 9057 9058 9059 9060 9061 9062 9063 9064 9065 9066 9067 9068 9069 9070 9072 9074 9075 9076 9083 9085 9098 9099 9101 9105 9106 9107 9108 9109 9111 9114 9116 9118 9120 9121 9130 9131 9132 9133 9134 9135 9136 9137 9138 9139 9140 9141 9142 9143 9144 9145 9146 9147 9148 9149 9150 9151 9152 9153 9154 9155 9156 9157 9158 9159 9160 9161 9162 9163 9164 9165 9166 9167 9168 9169 9170 9174 9175 9176 9178 9191 9203 9204 9205 9207 9208 9210 9213 9217 9221 9222 9224 9225 9229 9239 9248 9255 9256 9258 9265 9266 9267 9268 9269 9270 9272 9277 9287 9288 9290 9292 9293 9295 9301 9302 9307 9308 9320 9322 9323 9324 9325 9326 9329 9331 9332 9333 9336 9337 9348 9349 9350 9355 9358 9359 9371 9378 9380 9386 9389 9409 9412 9413 9414 9422 9423 9426 9427 9428 9429 9430 9431 9434 9436 9437 9438 9439 9440 9441 9442 9443 9444 9445 9446 9447 9448 9449 9451 9452 9453 9454 9530 9531 9533 9534 9539 9555 9556 9557 9558 9560 9562 9563 9564 9566 9567 9569 9571 9575 9577 9578 9579 9581 9584 9585 9587 9588 9599 9600 9601 9603 9604 9608 9611 9613 9614 9615 9617 9619 9620 9621 9622 9629 9632 9639 9640 9641 9663 9664 9671 9677 9679 9680 9682 9683 9684 9688 9690 9691 9692 9694 9702 9703 9718 9720 9722 9725 9730 9732 9736 9744 9746 9747 9748 9749 9757 9758 9759 9762 9766 9779 9780 9784 9788 9789 9790 9817 9828 9832 9836 9843 9844 9845 9853 9854 9855 9857 9859 9868 9874 9876 9877 9919 9922 9931 9934 9955 9959 9962 9964 9965 9966 9967 9968 9969 9970 9976 9978 9979 9980 9981 9982 9983 9984 9986 9987 9989 9992 9993 
2 35 1049 
1 36 
133 37 418 576 679 868 949 1144 2133 2378 2412 3595 3600 3613 3616 3622 3639 3675 3677 3696 3758 3775 3799 4180 4190 4209 4323 4333 4362 4581 4663 4936 4945 5015 5020 5024 5239 5261 5274 5305 5413 5415 5416 5428 5462 5467 5468 5475 5492 5524 5526 5573 5587 5589 5696 5735 5740 5750 5772 5795 5797 5803 5849 5883 5902 5923 5939 5957 5960 5962 6097 6131 6139 6162 6190 6198 6199 6231 6243 6252 6270 6355 6365 6415 6423 6435 6437 6450 6457 6459 6460 6461 6471 6476 6479 6480 6503 6515 6521 6553 6554 6564 6567 6588 6595 6598 6602 6605 6606 6686 6688 6691 6692 6696 6707 6737 6773 6774 6776 6797 6803 6826 6831 6844 6848 6849 6851 6853 6855 6856 6857 6862 6863 6868 
1 38 
45 39 1349 1441 1511 1632 2564 2992 3301 3422 3438 3592 3614 3634 3737 4256 4270 5047 5138 5216 5279 5377 5403 5409 5410 5432 5487 5488 5491 5501 5517 5530 5533 5558 5562 5574 5625 5629 5643 5648 5649 5689 5710 5733 5742 5773 
21 40 466 1082 1983 2254 2331 2884 3138 3152 3196 3497 3893 3921 3928 3932 4036 4096 4098 4104 4230 4263 
15 41 991 1173 1240 1329 1562 1595 1800 1830 1933 1944 1966 2375 2376 2879 
4 42 404 666 678 
27 43 431 626 1154 1880 1894 2028 2367 2512 7538 7539 7540 7548 7549 7550 7555 7556 7557 7558 7559 7560 7562 7563 7564 7565 7571 7572 
47 44 487 542 657 1090 1721 1986 2004 2110 2157 2166 2304 2406 2534 2667 2690 2745 2850 5807 5851 5985 5988 5995 6007 6010 6034 6039 6044 6053 6063 6065 6067 6093 6100 6114 6122 6141 6156 6160 6173 6176 6177 6178 6179 6294 6308 6314 
8 45 703 1284 1306 1368 1373 1422 1432 
250 46 630 636 770 1310 1344 2354 2364 2432 2621 2820 2844 3191 3777 3821 6520 6539 6580 6582 9173 9184 9185 9186 9187 9196 9200 9201 9202 9211 9212 9214 9216 9223 9226 9227 9230 9231 9232 9235 9236 9237 9240 9241 9242 9243 9244 9245 9247 9249 9250 9251 9252 9253 9254 9264 9271 9273 9274 9275 9276 9278 9279 9280 9281 9282 9285 9286 9289 9291 9294 9296 9298 9299 9303 9304 9305 9309 9310 9311 9312 9313 9314 9316 9317 9318 9319 9321 9334 9335 9338 9339 9340 9342 9343 9344 9346 9347 9361 9362 9364 9368 9369 9376 9383 9384 9390 9392 9395 9399 9400 9401 9408 9410 9411 9415 9416 9458 9468 9469 9470 9471 9477 9500 9506 9507 9512 9513 9515 9517 9521 9525 9526 9529 9532 9535 9537 9538 9540 9548 9552 9553 9576 9586 9589 9590 9591 9592 9593 9594 9595 9596 9597 9598 9602 9605 9606 9607 9609 9610 9612 9616 9618 9623 9625 9631 9634 9636 9637 9638 9655 9657 9659 9660 9689 9693 9712 9713 9714 9734 9772 9777 9778 9782 9787 9798 9799 9800 9801 9802 9803 9804 9805 9806 9812 9825 9840 9860 9861 9866 9870 9879 9885 9891 9892 9893 9894 9895 9896 9899 9901 9905 9909 9912 9914 9915 9918 9921 9924 9925 9933 9935 9936 9937 9939 9940 9941 9942 9943 9945 9947 9948 9951 9952 9956 9971 9972 9973 9974 9975 9977 9985 9988 9990 9991 9994 9995 9996 9997 9998 9999 
1 47 
16 48 1163 1456 1467 1859 2063 2078 2828 2878 3139 3181 3318 3706 3748 3820 5356 
1 49 
52 50 1612 1643 7533 7534 7535 7536 7537 7541 7542 7543 7544 7545 7546 7547 7551 7552 7553 7554 7561 7566 7567 7568 7569 7570 7573 7574 7575 7576 7577 7578 7579 7580 7581 7582 7583 7584 7585 7586 7587 7588 7590 7595 7596 7597 7618 7620 7625 7626 7628 7631 7633 
50 51 1236 1238 1304 4861 4880 4881 4894 6384 6401 6456 6465 6484 6487 6532 6541 6547 6557 6681 6702 6712 6715 6716 6730 6736 6744 6746 6747 6748 6751 6752 6763 6769 6780 6782 6787 6791 6793 6804 6808 6810 6825 6830 6840 6841 6842 6843 6866 6867 6870 
5 52 566 584 1133 1779 
11 53 424 1106 1831 1898 2026 2037 2060 2076 2105 2184 
28 54 8339 8340 8341 8344 8348 8358 8361 8365 8366 8368 8369 8372 8377 8378 8379 8383 8384 8385 8386 8387 8388 8392 8407 8413 8421 8424 8429 
50 55 555 700 878 1131 1296 2048 2269 2290 2292 2451 2612 2754 2827 2840 3179 3189 3343 3348 3378 3603 3657 4155 4163 4191 4195 4196 4226 4284 4285 4388 4468 4477 4490 4553 4633 4662 4682 4713 4789 4792 4823 4834 4837 4877 5000 5037 5088 5222 5255 
1 56 
2 57 538 
49 58 2104 7448 7449 7450 7452 7453 7456 7457 7460 7461 7465 7466 7467 7468 7469 7473 7474 7477 7478 7480 7481 7482 7485 7486 7491 7493 7494 7495 7496 7503 7504 7505 7508 7510 7511 7512 7518 7522 7523 7524 7525 7526 7527 7528 7529 7530 7531 7532 
56 59 528 807 993 2003 2617 2633 2719 2809 2909 3297 3522 3722 3993 4133 4378 4431 4436 4503 4790 4793 4806 4963 5086 5185 5186 5417 5425 5429 5448 5452 5471 5473 5474 5615 5628 5630 5633 5640 5642 5762 5770 5783 5794 5860 6001 6024 6027 6045 6050 6079 6085 6087 6105 6126 6138 
20 60 503 537 8785 8788 8790 8791 8792 8804 8809 8816 8817 8818 8819 8820 8824 8825 8826 8827 8828 
87 61 662 1199 1539 1610 1653 1808 1836 1895 2255 2306 2453 2515 2536 3000 3223 3235 3294 3309 3483 3670 3716 4562 4644 4672 4679 4683 5168 5201 5211 5219 5221 5227 5237 5300 5308 5383 5771 5777 5778 5784 5785 5951 5971 5972 5973 5976 5994 6013 6058 6066 6090 6094 6099 6112 6129 6151 6154 6163 6170 6174 6188 6189 6204 6206 6221 6246 6265 6289 6310 6311 6312 6316 6356 6362 6363 6366 6378 6379 6387 6391 6395 6410 6414 6424 6426 6428 
46 62 674 827 975 1064 1391 1418 1514 1579 1621 1656 1740 1973 2547 2552 2579 2907 3254 3367 3958 4016 4035 4142 4171 4494 4495 4497 4540 4564 4566 4570 4642 4820 4829 4849 4859 4906 4932 4955 4971 4975 5103 5140 5165 5167 5181 
2 63 847 
1 64 
13 65 481 730 820 923 1139 1702 1886 2102 2103 2151 2200 2295 
15 66 408 532 539 722 874 950 952 1398 1680 1981 1982 2587 2711 2843 
47 67 1009 3249 3269 3271 3281 3287 3293 3328 3476 3652 3669 3700 3736 3817 3975 3994 4002 4055 4157 4159 4207 4330 4372 4596 4601 4612 4653 4711 4765 4855 4857 4899 4912 4986 5011 5025 5060 5102 5112 5119 5123 5203 5217 5260 5337 5359 
21 68 771 813 1156 1378 1388 1447 1487 1645 1878 1920 1963 2486 2499 2530 2636 2723 2831 3207 3234 3315 
1 69 
1 70 
8 71 563 632 945 2479 2774 2867 3244 
12 72 701 1347 1551 3001 3066 3071 3396 3441 3516 3563 3567 
10 73 617 1552 1665 1710 2054 2524 2873 2919 2940 
5 74 587 1019 1153 1214 
1 75 
45 76 467 2044 2084 2343 2729 2877 2920 3732 3747 3819 3831 3836 3897 3899 4091 4097 4165 4174 4213 4247 4345 4578 4718 4812 4832 4979 4987 5001 5008 5101 5122 5128 5154 5159 5172 5175 5193 5210 5266 5276 5277 5298 5299 5330 
8 77 454 802 1072 1820 1915 1917 1950 
11 78 514 1230 7981 7983 7987 7989 7993 7994 7995 8005 
39 79 2784 2998 3083 3113 3161 3351 3413 3465 3663 3679 3683 3838 3890 3988 3990 4008 4022 4026 4033 4060 4089 4152 4161 4244 4264 4278 4401 4447 4548 4560 4615 4640 4657 4667 4699 4712 4752 4810 
2 80 750 
21 81 402 416 463 883 1189 1699 1766 1854 1901 1959 1964 1976 2751 2764 3212 3216 4013 4015 4024 4127 
33 82 725 809 1674 2072 2423 2445 2551 4261 4268 4336 5814 5831 5836 5839 7093 7101 7104 7122 7126 7129 7139 7140 7142 7143 7144 7146 7147 7148 7149 7150 7154 7161 
46 83 683 720 900 1244 1294 1999 2010 2032 2266 2272 2274 2314 2357 2655 2659 2688 2692 2698 2765 2768 2789 2790 2813 3119 3224 3361 3420 3426 3470 3645 3672 3705 3707 3848 3860 3942 3954 3962 4742 4774 4802 5196 5230 5254 5256 
8 84 755 828 1198 1226 1782 1787 1835 
12 85 519 635 885 1168 1393 1856 1985 2466 2480 2531 2543 
46 86 633 640 958 976 1043 1210 1326 1332 1350 1465 1492 1597 2730 3056 3117 3165 3290 3305 3410 3452 3457 3463 3477 3506 3774 3880 4461 4512 4558 4618 4692 4703 4741 5361 5421 5435 5438 5463 5466 5469 5494 5496 5503 5505 5506 
1 87 
3 88 615 777 
78 89 644 721 1121 1260 1453 1639 1969 2093 2361 3609 3744 3750 3797 3813 3830 4065 4078 4550 4574 4575 4636 4643 4688 4710 4726 4727 4743 4776 4798 5022 5053 5064 5079 5089 5095 5098 5139 5149 5150 5180 5312 5367 5371 5381 5391 5396 5507 5515 5521 5529 5548 5555 5557 5579 5652 5671 5704 5713 5848 5850 5853 5854 5874 5880 5881 5911 5970 5981 5983 5986 5999 6009 6146 6149 6150 6157 6159 
30 90 443 654 890 1044 1094 1781 1909 1946 1971 2405 2422 2501 2517 2527 2546 2876 2924 3015 3050 3135 3147 3227 3237 3243 3255 3267 3280 3347 3448 
6 91 778 1319 1331 1357 1385 
11 92 1302 1359 1473 1482 2870 2886 2911 2938 2947 2952 
93 93 557 745 1135 1297 1430 1560 3654 3676 3719 3889 3891 3978 4028 4041 4052 4145 4186 4248 4416 4420 4464 4539 4629 4661 4757 4758 4768 4778 4819 4831 4833 4896 4905 4918 4942 5107 5108 5110 5111 5129 5131 5166 5170 5225 5283 5291 5316 5323 5326 5342 5393 5431 5451 5453 5465 5495 5509 5510 5512 5518 5553 5581 5613 5619 5632 5744 5749 5781 5804 5847 5862 5899 5992 5997 6299 6325 6364 6367 6703 6720 6799 6800 6806 6811 6817 6846 6847 6850 6888 6893 6897 6899 
39 94 1062 1157 1554 1796 2393 2767 3029 3104 3162 3331 3340 6006 6029 6032 6064 6074 6084 6108 6111 6116 6128 7678 7679 7681 7682 7683 7689 7701 7702 7703 7704 7705 7706 7708 7713 7714 7717 7719 
36 95 902 929 963 1102 1169 1339 1463 1500 1553 1571 1625 1693 1703 1749 1879 2140 2185 2199 2204 2384 2389 3757 3794 3810 4023 4049 4050 4188 4221 4295 4296 4492 4526 4528 4634 
13 96 474 695 882 955 2270 2332 2355 2385 2458 2471 2481 2562 
44 97 419 8228 8229 8230 8231 8232 8233 8235 8236 8237 8238 8239 8240 8244 8248 8252 8256 8260 8262 8263 8265 8268 8270 8277 8278 8280 8281 8283 8284 8286 8288 8290 8293 8312 8315 8316 8317 8323 8324 8327 8330 8331 8332 
183 98 788 846 984 1201 1235 1436 1443 1542 1623 1629 1685 2903 3131 3158 3337 3346 3526 3559 3582 3623 6504 6506 6512 6513 6514 6517 6527 6543 6562 6563 6568 6570 6576 6577 6587 6622 6663 6667 6670 6672 6676 6678 6709 6710 6711 6713 6714 6722 6727 6729 6731 6873 6879 6880 6881 6882 6902 6909 6910 6911 6912 6913 6914 6918 6930 6932 6937 6942 6943 6945 6946 6948 6952 6954 6961 6964 6970 6972 6977 6978 6979 6983 6985 6995 6996 6998 7004 7008 7009 7010 7011 7013 7014 7015 7016 7017 7021 7022 7023 7028 7035 7037 7055 7060 7062 7063 7064 7065 7066 7069 7070 7071 7073 7076 7082 7084 7085 7087 7089 7090 7091 7092 7094 7097 7098 7099 7102 7103 7105 7108 7111 7113 7115 7116 7118 7119 7120 7121 7123 7124 7128 7131 7132 7135 8060 8067 8068 8083 8084 8090 8093 8094 8095 8096 8098 8099 8100 8101 8102 8103 8105 8110 8111 8112 8113 8115 8117 8119 8121 8131 8135 8136 8142 8147 8150 8151 8152 8155 8156 8157 8158 8161 
28 99 4409 4444 4549 4603 4631 4872 4895 4897 4925 4943 4948 5090 5176 5195 5224 5233 5235 5249 5268 5272 5333 5341 5365 5366 5369 5379 5380 
28 100 475 747 830 908 922 1093 1239 1429 2521 2965 3074 4114 4119 4121 4181 4193 4219 4257 4303 4359 4413 4476 4927 4956 4961 5084 5087 
16 101 775 1361 1584 1635 2065 2067 3424 3625 3812 3815 3872 3887 4057 4340 4389 
16 102 582 1047 1949 2218 2235 2391 2410 2436 2678 3140 3164 3184 3283 3296 3393 
29 103 995 1083 1217 1362 1379 1477 2427 2485 2514 2576 2599 2603 2606 2680 3508 3515 4048 4062 4527 4647 4664 4702 4784 4840 4853 4902 4916 4920 
24 104 693 1340 4717 4786 4836 4878 4900 4917 4940 4944 5701 5706 5719 5720 5729 5731 5827 5832 5838 5845 5863 5866 5875 
33 105 411 428 559 658 1107 1242 1266 1444 1480 1541 1758 2962 3022 3190 3349 3350 3365 3436 4316 4466 4721 4734 4862 4882 4973 5204 5234 5577 5657 5815 5816 5826 
4 106 1927 2629 2638 
2 107 914 
2 108 552 
21 109 1253 1458 1531 1587 2589 2728 3020 3291 3322 3433 3519 3531 3731 3745 3754 3833 3965 3967 3971 4005 
1 110 
73 111 1494 1532 2336 2337 2525 2554 2601 2981 3014 3374 3408 3444 3495 8257 8279 8282 8287 8291 8292 8295 8296 8297 8301 8303 8304 8305 8306 8307 8308 8309 8310 8311 8313 8314 8318 8333 8334 8335 8336 8337 8338 8342 8343 8352 8353 8354 8356 8362 8364 8367 8370 8371 8374 8376 8381 8382 8391 8393 8397 8399 8401 8402 8403 8404 8409 8411 8415 8426 8427 8431 8432 8439 
2 112 872 
22 113 406 448 697 734 1598 1613 1961 2143 3251 3265 3366 3375 3561 3816 3847 3856 3857 3865 3881 3885 3907 
44 114 409 441 1708 1837 1881 1929 2069 2161 2180 2232 2553 2566 2618 2726 2913 2964 3034 3084 3107 3125 3185 3504 3534 3535 3554 3792 3866 3867 3892 3903 4017 4018 4141 4235 4242 4281 4294 4305 4318 4327 4334 4366 4445 
21 115 731 812 917 920 1409 1425 1452 1526 1648 1696 1936 2426 2444 2624 2708 2713 2814 2848 2866 2872 
18 116 663 784 844 1007 1941 2107 2153 2256 2264 2313 2344 2372 2403 2407 2769 3382 3383 
265 117 442 545 744 762 1095 1351 1390 1442 1605 1622 1771 1872 8903 8907 8908 8916 8917 8918 8922 8924 8929 8930 8931 8934 8935 8938 8939 8940 8941 8942 8948 8950 8951 8954 8955 8958 8959 8960 8961 8962 8964 8965 8966 8967 8974 8975 8976 8979 8980 8982 8986 8989 8990 8991 8992 8993 8995 8999 9000 9004 9005 9006 9013 9014 9015 9016 9017 9018 9019 9020 9021 9022 9023 9024 9025 9026 9027 9028 9029 9030 9031 9032 9033 9034 9035 9036 9037 9038 9039 9040 9041 9042 9043 9044 9045 9046 9047 9048 9049 9050 9051 9052 9071 9073 9077 9078 9079 9080 9081 9082 9084 9086 9087 9088 9089 9090 9091 9092 9093 9094 9095 9096 9097 9100 9102 9103 9104 9110 9112 9113 9115 9117 9119 9122 9123 9124 9125 9126 9127 9128 9129 9171 9172 9177 9179 9180 9181 9182 9183 9188 9189 9190 9192 9193 9194 9195 9197 9198 9199 9206 9209 9215 9218 9219 9220 9228 9233 9234 9238 9246 9257 9259 9260 9261 9262 9263 9297 9300 9306 9315 9327 9328 9330 9341 9345 9351 9352 9353 9354 9356 9357 9360 9363 9365 9366 9367 9372 9374 9375 9379 9381 9385 9391 9393 9394 9396 9397 9398 9402 9403 9404 9405 9406 9407 9417 9418 9419 9420 9421 9424 9425 9432 9473 9474 9475 9476 9481 9485 9486 9487 9488 9489 9490 9491 9492 9493 9494 9495 9496 9497 9499 9501 9503 9508 9509 9516 9518 9519 9520 9522 9523 9524 9527 9528 9536 9541 9543 9544 9545 9546 9547 9549 9550 9551 
1 118 
24 119 551 982 1063 1125 1513 1600 1628 1668 1953 2080 2178 2382 2616 2665 2697 2891 3018 3252 3258 3778 4077 4100 4129 
21 120 457 560 1097 1679 1738 1810 1890 2014 2651 2901 2941 3036 3044 3076 3111 3172 3211 3876 4251 4350 
18 121 420 613 627 2017 2051 2132 2134 2150 2294 2302 2358 7470 7471 7479 7483 7484 7487 
7 122 565 711 852 854 1099 1346 
11 123 656 888 891 1130 1762 1825 1923 2363 2396 2449 
1 124 
34 125 598 918 979 1485 2565 2572 2700 2750 2885 2892 3108 3141 3175 3387 3455 3464 3570 3598 3605 3620 3710 3715 3791 3871 3916 4058 4120 4132 4282 4731 4807 4884 4968 
1 126 
4 127 564 779 876 
17 128 444 1687 1727 1772 1809 2799 2842 3045 3200 3264 3266 3589 3612 3617 3641 3697 
2 129 671 
3 130 451 477 
1 131 
23 132 618 646 757 1124 1819 1828 1921 1975 2126 2146 2233 2328 2350 2567 3038 4889 4898 4966 5050 5052 5058 5153 
1 133 
4 134 729 1257 1293 
3 135 561 677 
13 136 436 446 590 843 889 1118 1123 1369 1375 2379 2411 2430 
8 137 586 857 2821 2834 2845 2931 2959 
4 138 499 616 2732 
13 139 577 1718 1791 2009 2033 2115 2502 2628 2693 2694 2696 2804 
78 140 423 546 983 986 1057 1255 1459 1644 1688 1844 1889 1978 7272 7273 7274 7275 7276 7277 7278 7279 7280 7281 7282 7283 7284 7285 7286 7287 7288 7290 7299 7300 7301 7302 7303 7304 7305 7306 7307 7308 7309 7310 7311 7312 7314 7315 7316 7317 7319 7323 7324 7325 7326 7327 7328 7329 7333 7335 7336 7337 7338 7343 7349 7351 7352 7354 7355 7356 7357 7358 7359 7360 7361 7362 7363 7364 7367 
15 141 651 1273 1399 3466 3472 3475 3478 3499 3808 5378 5386 5484 5513 5544 
1 142 
49 143 414 501 1483 1692 1763 1773 1817 2228 2240 6419 6420 6425 6438 6439 6454 6490 6518 6560 6592 6593 6594 6597 6623 6624 6674 6677 6683 6685 6690 6694 6698 6754 6758 6759 6766 6768 6771 6775 6778 6783 6789 6792 6794 6805 6807 6809 6812 6838 
4 144 964 1686 1751 
11 145 525 659 753 897 1567 1575 1640 1957 2046 2317 
10 146 2446 2492 2770 2787 3384 3434 3920 3927 3936 
49 147 699 948 2771 2782 2898 2984 3016 3048 3239 3289 3363 3407 3412 3458 3521 3532 3685 3688 3690 3741 3769 3814 4072 4086 4136 4153 4158 4166 4167 4271 4290 4394 4398 4591 4611 4625 4627 4824 4830 5083 5218 5309 5387 5392 5427 5578 5610 5635 
117 148 425 782 1684 1717 1730 2024 9053 9054 9644 9646 9647 9648 9650 9651 9652 9653 9654 9658 9661 9662 9665 9669 9670 9672 9673 9676 9678 9695 9696 9697 9698 9700 9705 9715 9716 9721 9726 9727 9728 9729 9731 9733 9735 9738 9741 9743 9750 9751 9752 9753 9754 9755 9756 9763 9767 9769 9773 9776 9783 9785 9786 9791 9792 9793 9794 9795 9796 9797 9807 9809 9810 9811 9816 9818 9819 9820 9822 9826 9827 9830 9835 9838 9839 9841 9846 9847 9848 9849 9850 9851 9858 9863 9864 9869 9873 9875 9882 9883 9897 9900 9906 9910 9913 9916 9920 9923 9926 9930 9932 9953 9954 9957 9958 9960 9961 9963 
7 149 449 578 687 727 1229 2388 
101 150 427 1004 1794 1945 2208 2299 2316 2346 3399 3418 3692 3854 3888 3924 3930 4292 4335 4417 4493 4628 4690 4847 4854 4908 5059 5273 5479 5483 5493 5522 5523 5538 5540 5561 5564 5567 5598 5627 5636 5638 5639 5726 5727 5738 5741 5755 5758 5769 5808 5846 5856 5893 5905 5931 5984 5987 6023 6031 6036 6040 6042 6060 6062 6075 6083 6086 6118 6171 6193 6203 6225 6285 6287 6292 6304 6309 6313 6322 6326 6328 6331 6341 6347 6393 6394 6412 6413 6416 6417 6421 6429 6433 6446 6462 6463 6464 6491 6493 6497 6498 
13 151 2220 2226 3112 3391 3409 3708 3742 4220 4239 4328 4349 4504 
17 152 433 841 957 1014 1254 1548 1798 1960 2027 2271 2323 2381 2409 2456 2461 2494 
117 153 1450 1599 1706 1938 1994 2573 2679 2881 2910 2948 3282 3368 3388 3390 3538 3543 3553 3555 3571 4068 4071 4265 4315 4338 4537 4614 4630 4764 4827 4864 4915 5070 5074 5081 5147 5148 5169 5200 5205 5214 5229 5554 5583 5591 5617 5620 5641 5694 5699 5703 5730 5734 5739 5753 5760 5761 6434 6436 6442 6443 6444 6448 6453 6455 6482 6499 6500 6501 6511 6530 6531 6534 6537 6538 6542 6549 6551 6565 6581 6583 6607 6608 6609 6632 6638 6642 6643 6648 6650 6764 6765 6767 6772 6777 6790 6796 6802 6839 6852 6854 6858 6859 6861 6864 6869 6874 6875 6876 6877 6878 6885 6886 6887 6889 6890 6891 
4 154 973 1003 1491 
18 155 554 870 1527 1715 1746 1869 1962 1972 2013 2135 2145 2251 2268 2321 2359 2360 2362 
29 156 620 1016 1066 1155 2475 2520 2712 2969 2975 3013 3088 3126 3419 4364 4535 4594 4754 4783 4904 4957 4981 5029 5045 5093 5099 5145 5158 5209 
3 157 494 728 
20 158 645 710 1193 2050 2064 2152 2158 2175 3354 3376 3780 3879 4140 4471 4485 4487 4572 4700 4761 
15 159 513 791 1185 1256 1919 1922 2071 2139 2383 2387 2415 3635 3659 3673 
24 160 610 1395 1445 1574 1650 2353 2356 2392 2468 2510 3198 3456 3512 3581 3861 3915 3929 3995 4092 4101 4151 4156 4172 
3 161 412 432 
44 162 453 1478 1525 1528 2156 2307 2309 2320 2335 2483 2675 2980 3007 3171 3208 3533 3557 3610 3984 3985 4139 4173 4212 4217 4222 4246 4641 5028 5057 5073 5080 8191 8196 8198 8199 8200 8201 8203 8207 8208 8210 8211 8212 
3 163 1174 2281 
1 164 
3 165 709 780 
31 166 8621 8625 8626 8627 8630 8631 8641 8671 8672 8673 8674 8675 8676 8678 8679 8680 8687 8688 8689 8690 8691 8692 8693 8694 8695 8696 8697 8698 8699 8700 
12 167 567 2122 2165 2322 2619 3312 3335 6339 6348 6350 6352 
1 168 
1 169 
11 170 787 956 959 1165 1186 1547 1882 2035 2172 2263 
2 171 407 
32 172 794 863 907 1616 2752 2755 2780 2871 2890 2967 2978 3127 3186 3202 3203 3285 3310 3338 3370 3373 3417 4009 4032 4051 4088 4162 4183 4199 4204 4288 4360 
219 173 601 647 971 1037 1041 1203 1330 1353 1365 1637 2632 3031 3109 3142 3253 3298 6920 6921 6922 6924 6927 6933 6939 6941 6950 6953 6959 6960 6966 6968 6969 6974 6981 6982 6984 6986 6987 6988 6989 6990 6994 7012 8725 8727 8728 8732 8734 8736 8737 8739 8742 8743 8744 8745 8746 8748 8750 8752 8754 8757 8759 8761 8763 8764 8765 8766 8767 8773 8780 8781 8787 8794 8795 8796 8797 8798 8800 8802 8803 8805 8806 8807 8808 8810 8811 8812 8813 8814 8815 8821 8822 8823 8829 8830 8831 8832 8833 8834 8835 8836 8837 8838 8839 8840 8841 8842 8843 8844 8845 8846 8847 8848 8849 8850 8851 8852 8853 8854 8855 8856 8857 8858 8859 8860 8861 8862 8863 8864 8865 8866 8867 8868 8869 8870 8871 8872 8873 8874 8875 8876 8877 8878 8879 8880 8881 8882 8883 8884 8885 8886 8887 8888 8889 8890 8891 8892 8893 8894 8895 8896 8897 8898 8899 8900 8901 8902 8904 8905 8906 8909 8910 8911 8912 8913 8914 8915 8919 8920 8921 8923 8925 8926 8927 8928 8932 8933 8936 8937 8943 8944 8945 8946 8947 8949 8952 8953 8956 8957 8963 8968 8969 8970 8971 8972 8973 8977 8978 8981 8983 8984 8985 8988 8994 8996 8997 8998 9008 9009 
40 174 507 1681 1792 2221 2265 2518 2560 2604 2622 2747 2874 2904 3054 3077 3100 3194 3197 3199 4137 4178 4185 4249 4308 4331 4342 4370 4393 4396 4423 4443 4480 4529 4547 4559 4623 4658 4684 4691 4797 
34 175 736 1035 1098 1197 1245 1508 1682 1725 1780 1896 2174 2186 2223 2399 2571 2608 3059 3080 3081 3548 3590 3618 3643 3671 3686 3763 3773 3811 3980 3987 4031 5476 6556 
27 176 518 924 1505 1510 1572 1602 1669 1676 1734 1742 1801 1826 1838 1847 2487 3381 3594 3766 3771 3825 3828 3834 3850 3894 4254 4255 
31 177 696 881 1233 1495 1660 1853 1974 2025 2373 2447 2529 2748 2778 2832 2925 2932 3480 3587 3619 3629 3633 3640 3660 3795 3870 4237 4310 4317 4418 4446 
15 178 520 783 7365 7366 7368 7369 7370 7371 7372 7373 7374 7376 7379 7380 
27 179 1594 7651 7653 7655 7656 7657 7658 7659 7660 7661 7663 7664 7665 7666 7667 7668 7671 7672 7674 7675 7676 7685 7692 7693 7695 7696 
4 180 592 639 706 
1 181 
32 182 649 1024 8345 8346 8347 8349 8350 8351 8355 8357 8359 8360 8363 8373 8375 8380 8389 8390 8400 8406 8408 8414 8417 8423 8425 8428 8430 8435 8436 8440 8441 
24 183 903 999 1011 1280 2493 2540 2683 2701 2847 2864 2912 2996 3082 3317 3437 3450 3500 3510 3524 3525 4299 4321 4326 
38 184 1148 1876 1912 1913 1980 1996 2108 2149 2187 2253 2419 2425 2429 2658 2664 2684 2739 2753 3379 3485 3711 3959 4240 4252 4276 4841 4845 5163 5622 5705 7472 7475 7476 7488 7489 7490 7492 
9 185 867 1012 1030 1075 1140 1178 2288 3827 
3 186 673 853 
27 187 622 997 1200 1549 1691 1719 2301 2349 4205 4206 4227 4243 5841 5861 5869 5924 5927 5953 5958 5959 5961 5963 5967 5969 5978 6017 
2 188 595 
1 189 
39 190 760 818 996 1073 1113 1722 2217 2452 2465 2641 2650 2795 3250 3263 3403 3405 3493 3501 3503 3558 3588 3596 3599 4135 4144 4149 4964 5004 5043 5069 5085 5097 5134 5137 5142 5152 5155 5164 
19 191 435 1799 1812 1906 2311 2352 2416 2648 3072 3232 3276 3359 3445 3449 3552 3624 3753 3760 
1 192 
2 193 426 
18 194 541 746 941 1272 1641 1775 1832 1850 2215 2390 2513 2537 2595 2609 2703 2731 2761 
23 195 1275 1400 1408 8556 8561 8564 8566 8567 8569 8570 8571 8573 8574 8575 8577 8581 8582 8584 8585 8588 8591 8592 
15 196 860 1025 1048 1416 1481 1496 3144 3148 3694 3698 3704 7233 7234 7238 
15 197 548 748 793 1068 1078 1142 1278 1392 1583 1658 1677 1822 1866 2021 
9 198 685 766 1001 3132 3238 3462 3489 3781 
8 199 823 1316 1389 1564 3840 3868 3878 
1 200 
7 201 471 773 789 871 880 966 
23 202 434 516 840 930 1195 1206 1360 2230 2649 2704 2720 2875 2971 2988 3246 3288 4184 4231 4392 4442 4450 4455 
40 203 410 756 1744 1754 1903 2190 2207 2241 2312 2491 2505 2509 2585 2785 3122 3308 3341 4704 4801 4821 4822 4863 4868 4869 4870 4891 5075 5104 5105 5124 5146 5310 5321 5324 6441 6481 6485 6486 6489 
6 204 556 634 850 887 915 
68 205 1509 1540 2030 2100 3146 5460 5470 5472 5532 5541 5588 5597 5601 5662 5682 5799 5852 5855 5871 5885 5891 5908 5937 5954 6049 6057 6059 6073 6095 6119 6181 6192 6210 6222 6224 6253 6255 6256 6264 6418 6469 6470 6473 6483 6509 6516 6540 6545 6546 6548 6558 6569 6578 6585 6589 6599 6635 6636 6637 6639 6640 6644 6645 6646 6651 6661 6684 
1 206 
8 207 669 670 913 1008 1476 1630 1741 
1 208 
1 209 
4 210 1652 1785 1815 
3 211 742 1119 
101 212 517 7802 7803 7804 7805 7806 7807 7808 7809 7810 7811 7812 7813 7818 7819 7820 7821 7823 7824 7825 7826 7828 7832 7833 7834 7837 7840 7841 7842 7843 7845 7846 7848 7852 7853 7857 7859 7862 7863 7864 7867 7868 7872 7874 7875 7876 7877 7878 7879 7880 7881 7882 7883 7884 7885 7886 7887 7888 7889 7890 7891 7892 7893 7894 7895 7896 7897 7898 7899 7900 7901 7902 7903 7904 7905 7906 7907 7908 7909 7910 7911 7912 7913 7914 7915 7917 7918 7923 7924 7925 7926 7927 7928 7932 7933 7934 7938 7939 7940 7945 
90 213 726 1490 1755 1875 1899 1951 2168 2202 2371 2380 2469 2523 2830 2846 2927 2934 3026 3098 3101 3272 6104 6107 6113 6127 6132 6136 6142 6219 6220 6242 6260 6271 6275 6276 6277 6279 6281 6284 6288 6293 6301 6303 6317 6318 6320 6324 6329 6330 6333 6336 6368 6380 6386 6392 6400 6405 6431 6452 6466 6467 6475 6477 6488 6496 6507 6508 6510 6561 6641 6649 6653 6657 6662 6664 6666 6671 6673 6679 6680 6682 6695 6699 6718 6724 6726 6733 6738 6741 6750 
31 214 405 1277 1289 1303 1437 1634 1731 1756 1797 1805 8446 8447 8448 8449 8450 8454 8455 8456 8459 8462 8468 8469 8470 8473 8475 8477 8478 8479 8480 8482 
19 215 1767 1774 2196 2439 3969 4053 4069 4223 4267 4273 4301 4598 4709 4729 4750 4767 4803 4843 
37 216 761 861 1285 3352 3362 3364 3398 3406 3439 3442 3484 3560 3611 5406 5407 5414 5443 5444 5447 5667 5674 5679 5687 5692 5798 5800 5835 5867 5876 5887 5897 5900 5903 5906 5918 5920 
20 217 690 754 835 916 938 1034 2482 2757 2759 2815 2855 2915 3121 3168 3177 7608 7619 7632 7634 
3 218 447 606 
1 219 
7 220 961 1109 1187 1219 1489 1497 
25 221 939 1232 1263 1993 2075 2580 2586 2710 2857 3268 3325 3371 3481 3572 3585 3602 3615 3665 3684 3764 3895 3900 3910 3935 
25 222 3225 3247 3386 3580 3776 3786 3804 3823 3852 4075 4134 4228 4241 4358 4373 4434 4489 4541 4551 4604 4605 4696 4777 4781 
45 223 575 1274 1295 1435 1569 1649 1804 1824 1834 2229 2248 2319 2476 2783 2818 3896 3901 3917 3918 3951 5133 5156 7385 7388 7417 7423 7424 7426 7458 7459 7462 7463 7464 7506 7507 7509 7513 7514 7515 7516 7517 7519 7520 7521 
2 224 533 
33 225 680 715 934 1036 1089 1159 2109 2594 2605 2905 3003 3035 3115 3377 3727 3761 3802 3837 3933 3981 4000 4020 5527 5534 5550 5563 5565 5604 5608 5654 5661 5673 
23 226 485 572 689 739 2020 2148 2203 2206 2614 2623 2644 2807 2811 2825 7258 7260 7261 7264 7265 7266 7267 7269 
2 227 698 
21 228 1033 1251 1271 1348 1546 1931 1932 2563 7025 7026 7029 7396 7399 7445 7447 7497 7499 7500 7501 7502 
2 229 738 
4 230 602 798 814 
5 231 3087 3092 3215 3303 
2 232 1085 
2 233 526 
6 234 804 869 977 1212 1218 
3 235 951 1247 
17 236 899 1172 1269 1377 1502 1538 1748 2077 2550 2657 2997 3188 3270 3339 3401 3416 
44 237 676 684 1126 1298 1401 1683 2532 2533 2549 3065 3240 4148 4169 4258 4637 4650 4656 4705 4725 4751 8701 8702 8703 8704 8705 8706 8707 8708 8709 8710 8711 8712 8713 8714 8715 8716 8717 8718 8719 8720 8721 8722 8723 
124 238 583 1091 1105 1631 2347 2420 2522 3025 3041 3114 3124 6182 6187 6195 6202 6213 6244 6268 6295 6298 6321 6334 6349 6353 6358 6361 6369 6399 6404 6406 6409 6468 6474 6478 6495 6502 6523 6528 6535 6604 6612 6626 6634 6717 6723 6725 6728 6786 6801 6820 6821 6828 6829 6865 6871 6872 6892 6894 6895 6896 6900 6904 6905 6915 6916 6917 6919 6923 6925 6928 6934 6936 6940 6944 6947 6949 6951 6955 6956 6957 6958 6962 6963 6965 6967 6971 6973 6975 6976 6980 6991 6992 6993 6997 6999 7000 7002 7003 7006 7007 7019 7020 7031 7034 7039 7043 7047 7054 7056 7057 7077 7086 7095 7096 7100 7117 7127 7130 7134 7137 7138 7159 7160 
14 239 439 1128 1167 2131 2330 2386 2408 2498 2570 2676 3160 3193 3205 
15 240 543 1535 1664 1712 2029 2041 2377 2473 2496 2535 2733 2989 3040 3063 
3 241 919 1149 
54 242 573 928 1305 1601 1806 2119 2463 2569 2922 7589 7591 7592 7593 7594 7598 7599 7600 7601 7602 7603 7604 7605 7606 7607 7609 7610 7611 7612 7613 7614 7615 7616 7617 7621 7622 7623 7624 7627 7629 7630 7635 7636 7637 7638 7639 7640 7641 7642 7643 7644 7645 7646 7650 
25 243 498 972 3369 3392 3400 3402 3421 3427 3955 4012 4080 4084 4094 4109 4128 4154 4368 4382 4556 4577 4607 4826 4848 4875 
4 244 1566 2725 2865 
6 245 851 1202 1382 1589 1698 
170 246 7179 7181 7184 7185 7186 7188 7189 7192 7193 7195 7196 7197 7199 7200 7201 7204 7205 7206 7209 7210 7214 7215 7218 7220 7221 7248 7249 8507 8508 8509 8510 8511 8514 8516 8517 8518 8519 8520 8521 8522 8523 8524 8525 8526 8527 8528 8529 8530 8531 8532 8533 8534 8535 8536 8537 8538 8539 8540 8541 8542 8543 8544 8545 8546 8547 8548 8549 8550 8551 8552 8553 8554 8555 8557 8558 8559 8560 8562 8563 8565 8568 8572 8576 8578 8579 8580 8583 8586 8587 8589 8590 8593 8594 8595 8596 8597 8598 8599 8600 8601 8602 8603 8604 8605 8606 8607 8608 8609 8610 8611 8612 8613 8614 8615 8616 8617 8618 8619 8620 8622 8623 8624 8628 8629 8632 8633 8634 8635 8636 8637 8638 8639 8640 8642 8643 8644 8645 8646 8647 8648 8649 8650 8651 8652 8653 8654 8655 8656 8657 8658 8659 8660 8661 8662 8663 8664 8665 8666 8667 8668 8669 8670 8677 8681 8682 8683 8684 8685 8686 
11 247 682 866 1411 1417 1545 1596 1716 1777 2042 2282 
1 248 
24 249 629 2141 2159 2435 2437 2443 3638 3801 3818 3822 3841 3863 3883 3908 3964 4011 4124 4125 4275 4286 4348 4514 4838 
30 250 456 713 772 947 1670 1690 2181 2289 2630 2639 2656 2666 2849 2883 2949 2953 3195 3490 3539 3586 3752 3767 3790 3952 3961 3982 4007 4021 4025 
38 251 440 894 968 970 1002 2743 2812 2836 3019 3415 3423 3467 3498 3511 3541 3945 3998 4066 4309 4344 4352 4354 4386 4402 4414 4533 4546 4681 4719 4720 4728 4873 4937 4938 4960 4998 5078 
69 252 1061 2183 2201 2303 2555 2568 2717 2763 2781 2802 3509 3648 4337 4437 4440 4508 4525 4599 4666 4680 4773 4799 4813 4858 5021 5041 5042 5046 5054 5265 5278 5301 5364 5368 5374 5420 5424 5437 5441 5445 5464 7166 7167 7168 7169 7174 7180 7183 7190 7191 7194 7198 7202 7203 7217 7219 7222 7223 7224 7229 7230 7237 7239 7240 7241 7242 7243 7244 
3 253 1067 1618 
20 254 472 702 705 935 1087 1252 1300 1380 1498 1659 1790 1845 1867 2581 2583 2593 2602 2625 2647 
15 255 459 1461 1471 1778 2049 2086 2091 2094 3468 3473 3482 3514 3518 3528 
2 256 464 
3 257 483 536 
9 258 862 1223 1354 1506 1524 1555 1752 3260 
7 259 792 873 1103 1462 1504 1543 
44 260 1248 1264 1325 1337 1405 1439 1561 1563 1592 1646 1888 1958 1977 2121 2474 2507 3090 3155 3159 3204 3221 3740 3772 4030 4102 4103 4105 4232 4287 4291 4297 4314 4405 4412 8242 8243 8249 8261 8266 8269 8271 8274 8275 
54 261 8014 8015 8016 8017 8018 8020 8021 8023 8024 8031 8033 8034 8036 8037 8038 8040 8043 8044 8046 8048 8050 8051 8054 8056 8057 8058 8059 8061 8062 8063 8064 8065 8066 8069 8070 8071 8072 8074 8075 8076 8077 8078 8079 8080 8081 8082 8085 8086 8087 8088 8089 8091 8092 
10 262 1591 1611 1672 1885 3295 3316 3321 3429 3953 
8 263 718 1840 1916 2096 2136 2342 2413 
13 264 741 1324 1466 1468 1732 1795 1860 1891 1955 2225 2327 2548 
14 265 588 668 737 1286 1394 1421 1488 1570 1617 1736 1862 1863 1870 
8 266 571 763 808 821 858 1182 1299 
42 267 515 7745 7746 7747 7748 7749 7750 7751 7757 7758 7759 7760 7761 7762 7763 7764 7765 7766 7767 7768 7769 7770 7771 7772 7773 7774 7775 7776 7777 7778 7780 7781 7783 7784 7788 7789 7791 7792 7796 7798 7799 
14 268 604 764 831 848 1515 1556 1619 1654 2508 2756 2800 2816 2868 
3 269 641 931 
11 270 824 989 990 1143 1827 1857 1987 1997 2008 2038 
16 271 480 497 906 1537 1578 1943 2023 7686 7687 7688 7690 7694 7697 7699 7700 
12 272 1366 1874 1900 2882 2929 2958 2966 3032 3033 3058 3166 
19 273 2542 2545 2714 2833 2835 2853 2860 2896 3051 3241 4415 4762 4788 4816 4879 4888 4890 7001 
6 274 1307 1333 1424 1433 1438 
3 275 1086 1209 
47 276 489 594 1363 1423 1626 1707 1764 2053 2061 2130 2318 2338 2395 3201 3245 3259 3385 3440 4042 4099 4106 4229 4300 4304 5062 5094 5114 5116 5118 5183 5188 5199 5208 5213 5251 5264 5269 5271 5281 5286 5353 5357 5363 5372 5511 5606 
59 277 877 1709 1765 1816 1843 1849 2011 2019 2081 2116 2431 2596 2654 2722 2796 2897 2995 3057 3565 3681 3689 3759 3765 4210 4365 4379 4399 4426 4433 4463 4488 4606 4616 4669 4735 4746 4756 4760 4787 4851 4926 4941 4965 5056 5182 5192 5197 5198 5202 5206 5231 5244 5284 5297 5314 5455 5458 5461 
1 278 
5 279 479 599 681 1022 
11 280 429 631 2006 2012 2062 2082 2117 5347 5352 5412 
2 281 430 
3 282 585 1355 
6 283 608 1077 1428 2345 2434 
38 284 415 749 822 898 1138 1151 2113 2129 2164 2279 2293 2455 2556 2943 3027 3206 3217 3356 3949 4004 4112 4501 4538 5126 5135 5136 5144 5171 5191 5242 5250 5267 5295 5303 5335 5355 5634 
2 285 1005 
26 286 1010 1164 1192 1470 1475 1517 1550 1671 1728 1759 2177 2179 2234 2238 2808 2916 2960 3017 3053 3311 3326 3459 3487 3666 3923 
1 287 
9 288 593 1374 1733 3474 3693 3703 3788 3824 
11 289 665 759 1122 1265 2797 2869 2955 3089 3150 7498 
5 290 589 944 1177 1311 
7 291 549 570 864 1032 1079 1519 
1 292 
4 293 400 896 1968 
7 294 879 904 1222 1770 1776 1786 
1 295 
1 296 
33 297 664 7050 7171 7208 7250 7251 7252 7253 7254 7255 7256 7257 7259 7262 7263 7268 7270 7271 7289 7291 7292 7293 7294 7295 7296 7297 7298 7313 7318 7320 7321 7322 
37 298 450 1176 1581 1737 1883 2088 2252 2484 2779 2798 3097 3099 3137 3167 4430 4469 4519 4660 4675 4689 4695 4984 4999 5019 5027 5109 5127 5184 5262 5290 5311 5315 5322 5401 5418 5423 
23 299 607 637 648 819 1088 1112 1205 7330 7331 7332 7334 7339 7340 7341 7342 7344 7345 7346 7347 7348 7350 7353 
22 300 530 605 1196 1231 1321 1338 1499 1522 1636 2173 2528 2584 2611 2746 2786 2806 2933 2974 3011 3110 3120 
19 301 623 1250 1288 1372 2189 2369 2374 2472 2737 2791 2895 2954 2968 2977 3636 3637 3661 3909 
19 302 691 1469 1472 1607 1689 1720 1842 1871 1897 1979 2334 2418 2424 2467 3494 3537 3644 3717 
10 303 544 579 581 781 1084 1134 1179 3012 3106 
2 304 495 
21 305 660 1046 1115 1120 1427 1573 1662 1729 1802 1813 1911 1952 2045 2127 2128 2137 2138 3178 3213 3345 
8 306 799 845 910 1029 1327 1484 1701 
31 307 2634 2669 2685 2709 2734 3248 3357 3431 3435 3486 3529 3800 4319 4498 4509 4518 4545 4571 4697 4779 4921 4924 4946 5071 5072 5091 5115 5120 5132 5302 
53 308 445 1039 1051 1313 1343 8129 8130 8132 8133 8134 8137 8138 8139 8140 8141 8146 8149 8159 8160 8162 8163 8164 8165 8166 8167 8168 8169 8170 8171 8172 8173 8174 8175 8176 8177 8178 8179 8181 8183 8184 8185 8186 8187 8188 8189 8190 8192 8193 8194 8195 8197 8202 
27 309 1221 1224 1234 1386 1705 1714 2340 2993 3024 3064 3859 3898 3904 4676 4839 5454 5457 5482 5485 5542 5547 5576 5585 5949 6008 6016 
2 310 628 
25 311 1678 1873 1918 1928 1970 8204 8205 8206 8209 8213 8214 8215 8216 8217 8218 8219 8220 8221 8222 8223 8224 8225 8226 8227 
11 312 776 960 1070 1914 1965 2198 2212 2297 2440 2539 
37 313 875 925 1054 1287 1420 1576 1590 1620 1811 2007 2056 5036 5092 5106 5241 5243 5247 5320 5336 5348 5362 5370 5399 5400 5450 5459 5480 5499 5549 5556 5568 5594 5599 5605 5645 5646 
1 314 
18 315 527 550 912 1137 1243 1446 1667 2972 2994 3218 3313 3327 3621 3650 3862 3983 4006 
27 316 694 826 837 1071 1175 1588 1884 2079 2097 2098 2500 2504 2591 2645 2687 2854 2937 3342 4202 4214 4259 4269 4397 4406 4407 4419 
44 317 1582 1615 2691 2695 4374 4377 4381 4451 4452 4555 4565 4569 4579 4592 4621 4651 4738 4740 4951 4977 5061 5121 5178 5187 5190 5212 5220 5245 5263 5275 5327 5331 5343 5345 5358 5376 5382 5390 5395 5405 5433 5436 5442 
39 318 8724 8726 8729 8730 8731 8733 8735 8738 8740 8741 8747 8749 8751 8753 8755 8756 8758 8760 8762 8768 8769 8770 8771 8772 8774 8775 8776 8777 8778 8779 8782 8783 8784 8786 8789 8793 8799 8801 
3 319 422 723 
1 320 
6 321 609 1404 1434 1454 1700 
74 322 1038 1557 1604 1624 1647 1939 1956 2298 2348 2400 2558 3404 4375 4384 4422 4424 4458 4465 4486 4496 4500 4506 4517 4613 4871 4907 4922 4933 4954 4982 5067 5096 5100 5117 5130 5143 5189 5317 5329 5334 5360 5375 5389 5508 5516 5543 5546 5569 5571 5596 5618 5698 5700 5702 5708 5711 5714 5716 5737 5747 5759 5763 5764 5765 5822 5824 5882 5886 5894 5926 5952 6081 6091 
1 323 
1 324 
33 325 936 1166 1292 1345 1449 1503 2760 2935 3411 4045 4085 4428 4491 4573 4588 4617 4620 4722 4723 4730 4739 4763 4785 4791 4794 4795 4825 4923 4928 4949 4990 4994 
6 326 806 1111 1276 1603 1839 
32 327 490 529 596 600 774 786 829 1457 1580 1865 1892 7018 7024 7030 7032 7033 7038 7040 7042 7044 7045 7048 7052 7053 7058 7059 7061 7067 7068 7072 7088 
28 328 1021 1028 1053 1060 2222 2261 2324 2588 2631 2637 2672 2736 2777 2829 2944 2987 2990 3608 3845 3869 3941 4090 4197 4236 4245 4272 4371 
31 329 482 524 743 825 1150 1194 1464 1586 2066 2111 2333 2441 2887 2950 3009 3049 3073 3220 3914 3937 3939 4474 4646 4665 4668 4910 4919 4950 4962 4967 
1 330 
20 331 752 3061 3085 3183 3256 3319 3573 3583 3591 3701 3874 3948 3973 3991 4001 4034 4083 4111 4147 
64 332 500 653 901 905 1663 1695 1697 1723 1793 1861 1893 1907 1954 2058 2068 2101 3966 5743 5810 5813 5817 5821 5840 5842 5889 6596 6600 6613 6627 6647 6658 6659 6669 6693 6701 6704 6708 6719 6735 6740 6742 6743 6745 6753 6755 6761 6770 6779 6781 6785 6788 6795 6798 6814 6815 6816 6822 6824 6827 6834 6836 6837 6845 
34 333 493 5936 5977 5991 5998 6002 6004 6005 6019 6025 6030 6048 6051 6052 6080 6125 6143 6152 6155 6191 6205 6208 6232 6234 6261 6262 6290 6291 6307 6345 6351 6354 6375 
3 334 547 1188 
36 335 473 985 1006 1593 1841 7375 7377 7378 7381 7382 7383 7384 7386 7387 7389 7390 7391 7392 7393 7400 7401 7404 7405 7407 7408 7409 7410 7413 7420 7421 7422 7429 7435 7436 7437 
71 336 842 1301 1352 1747 1905 2325 3358 3527 3576 3713 3807 3902 3940 3944 3957 3960 4019 4040 4107 4306 4320 4324 4361 4387 4395 4467 4483 4534 7720 7721 7722 7723 7724 7725 7726 7727 7728 7729 7730 7731 7732 7733 7734 7735 7736 7737 7738 7739 7740 7741 7742 7743 7744 7752 7753 7754 7755 7756 7779 7782 7785 7786 7787 7790 7793 7794 7795 7797 7800 7801 
6 337 476 523 621 1020 2171 
6 338 1116 1312 1370 2055 2561 
27 339 1100 1129 1146 3992 4038 4056 4421 4429 4475 4484 4590 4619 4782 4892 4980 4989 4997 5246 5289 5304 5328 5350 5384 5419 5426 5603 
10 340 458 865 1108 1323 1803 1998 2642 2983 3277 
43 341 535 981 1110 1117 1147 1261 3523 3551 3714 3723 3846 3851 3853 3906 3986 3989 4010 4059 4113 4115 4116 4117 4118 4339 4385 4410 4472 4507 4515 4624 4678 4701 4988 5002 5003 5005 5030 5035 5039 5040 5077 5157 
70 342 1031 1215 1291 1334 1534 1633 1735 1868 1935 1937 2249 2283 2285 2365 2370 2397 2478 2758 2861 2936 2945 3002 3039 3154 3651 3912 3913 3922 3956 4039 4043 4580 4582 4583 4589 4886 4901 4939 4978 4983 4995 5009 5319 5385 5398 5404 5422 5434 5446 5449 5456 5551 5560 5582 5584 5592 5593 5595 5658 5660 5668 5685 5707 5712 5782 5796 5811 5857 5865 
1 343 
21 344 1152 1371 1407 1440 1455 1486 8143 8144 8145 8148 8153 8154 8987 9001 9002 9003 9007 9010 9011 9012 
3 345 712 859 
7 346 926 1290 1308 1309 1328 1335 
9 347 462 612 655 1241 1910 1925 1992 1995 
26 348 569 611 642 704 707 1262 1364 1414 1743 1833 2052 2073 2085 2243 2398 2433 2578 2582 2986 3042 3176 3550 3556 3712 3751 
1 349 
48 350 1069 1642 1947 2090 2242 2262 2291 2308 2351 2448 2607 2718 2841 3389 3454 3488 4376 4459 4510 4595 4597 4626 4632 4635 4686 4714 4715 4759 4769 4814 4817 4828 4842 4850 4911 4947 4958 5048 5049 5076 5082 5394 5408 5411 5490 5586 5623 
32 351 460 768 1181 2414 2489 8234 8241 8245 8246 8247 8250 8251 8253 8254 8255 8258 8259 8264 8267 8272 8273 8276 8285 8289 8294 8298 8299 8300 8302 8322 8325 
1 352 
13 353 504 568 1045 1101 1141 2442 2459 2516 2541 2976 3093 3228 
27 354 643 796 1081 1092 2123 2438 2457 2460 2681 2738 2744 2788 2902 2956 3006 3037 3118 3174 3943 4150 4160 4218 4266 4289 4293 4332 
1 355 
12 356 417 597 758 795 834 909 1184 1521 1544 1568 1846 
20 357 413 838 856 1760 1769 1789 1848 1864 2163 2209 2276 2315 2462 2970 2979 3021 3078 3105 3116 
44 358 438 1807 2245 2326 2735 2823 2839 2908 3075 3103 7394 7395 7397 7398 7402 7403 7406 7411 7412 7414 7415 7416 7418 7419 7425 7427 7428 7430 7431 7432 7433 7434 7438 7439 7440 7441 7442 7443 7444 7446 7451 7454 7455 
2 359 522 
12 360 661 1516 1530 1967 1990 2099 2125 2188 2195 2247 2740 
58 361 7814 7815 7816 7817 7822 7827 7829 7830 7831 7835 7836 7838 7839 7844 7847 7849 7850 7851 7854 7855 7856 7858 7860 7861 7865 7866 7869 7870 7871 7873 7916 7919 7920 7921 7935 7936 7937 7950 7956 7957 7960 7961 7962 7964 7965 7968 7973 7974 7975 7976 7979 7984 7985 7988 8009 8010 8011 
4 362 469 510 562 
1 363 
1 364 
2 365 1017 
1 366 
20 367 455 465 624 2002 2092 2982 3030 3579 3743 3746 3864 4343 4351 4357 4363 4435 4685 4724 4811 
12 368 1237 1267 1336 1341 1376 1381 1523 1608 1704 2036 2394 
33 369 849 1040 1268 1279 1829 2258 2286 2470 2503 2635 2742 2826 3055 3069 3096 3355 3562 3601 3642 3646 3655 3668 3678 3826 3842 3947 4095 4138 5872 5888 6300 6302 
5 370 1559 1821 2305 2716 
70 371 470 816 1577 4706 4708 4992 5006 7005 7027 7036 7041 7046 7049 7051 7074 7075 7078 7079 7080 7081 7083 7106 7107 7109 7110 7112 7114 7125 7133 7136 7141 7145 7151 7152 7153 7155 7156 7157 7158 7162 7163 7164 7165 7170 7172 7173 7175 7176 7177 7178 7182 7187 7207 7211 7212 7213 7216 7225 7226 7227 7228 7231 7232 7235 7236 7245 7246 7247 8073 
11 372 461 732 815 1145 1171 1249 1283 1320 1410 1675 
74 373 1042 1204 2488 2646 2682 2702 3182 3261 3274 3299 3304 3395 3397 3430 3443 3496 3505 3726 5575 5580 5650 5656 5745 5752 5768 5801 5830 5843 5870 5879 5915 5921 5928 5930 5940 5942 5946 5947 5979 5980 6012 6015 6071 6077 6098 6101 6120 6134 6135 6145 6153 6175 6183 6184 6185 6201 6207 6209 6212 6226 6229 6233 6235 6263 6266 6267 6296 6306 6335 6337 6342 6346 6359 
28 374 2057 2366 4070 4146 4164 4170 4238 4313 4391 4425 4449 4481 4677 4737 4874 4876 5012 5016 5033 5177 5179 5194 5215 5232 5296 5525 5535 
47 375 692 833 992 1018 1282 1419 1627 1657 1713 1823 2000 2001 2039 2040 2043 2095 2772 2862 2951 2961 3047 3129 3136 3180 3428 3720 3735 3762 3768 3782 3784 3796 3839 3946 3950 3997 4047 4260 4262 4274 4283 4311 4347 4380 4513 4524 
3 376 486 765 
3 377 619 714 
15 378 534 591 1694 1852 2018 2022 2155 2250 3425 4403 4441 4586 4609 4748 
3 379 2124 2287 
4 380 491 508 811 
30 381 3324 3330 3491 3626 3632 3656 3658 3755 3770 3844 3875 3911 3925 4544 4587 4610 4694 4835 5026 5063 5207 5223 5258 5259 5270 5282 5306 5531 5864 
12 382 967 1026 2213 2341 2368 2597 2615 3479 3502 3517 3540 
9 383 638 672 719 1052 1367 1673 1724 1908 
2 384 839 
43 385 2267 2329 2766 2817 2856 2946 3143 3153 3219 3273 3469 3471 3545 3584 3593 3597 3729 3730 3734 3785 3855 3858 3999 4014 4123 4143 4208 4233 4329 4557 4645 4648 4652 4655 4670 4733 4800 4866 4903 4909 4935 5038 
44 386 1055 1158 1356 1403 7647 7648 7649 7652 7654 7662 7669 7670 7673 7677 7680 7684 7691 7698 7707 7709 7710 7711 7712 7715 7716 7718 8097 8104 8106 8107 8108 8109 8114 8116 8118 8120 8122 8123 8124 8125 8126 8127 8128 
98 387 580 1474 1851 1926 1934 2169 2191 2197 2231 2244 2257 2721 2880 2899 3070 3079 3279 3306 3353 3569 3709 3728 3919 3926 4079 4176 4203 4211 4404 4478 4502 4505 4511 4531 4766 4770 4796 4893 4930 4931 5766 5774 5776 5812 5896 6011 6028 6043 6047 6056 6061 6121 6124 6137 6165 6166 6167 6169 6180 6211 6214 6217 6223 6227 6228 6239 6250 6282 6297 6305 6357 6360 6370 6376 6377 6382 6383 6385 6388 6389 6396 6402 6422 6427 6430 6440 6445 6447 6458 6630 6654 6655 6656 6660 6665 6668 6675 
31 388 509 540 1520 2205 2237 2259 2663 3062 3086 3123 3130 3231 3938 5481 5539 5545 5572 5631 5670 5680 5684 5913 5917 5919 5948 5964 5982 5989 5993 5996 
7 389 688 708 740 801 937 1460 
4 390 484 805 810 
106 391 1396 1415 1479 2167 2192 2193 2211 2278 2506 2699 2706 2749 2801 2824 2851 3067 3095 3209 3372 3542 3546 3724 3977 4126 4130 4177 4355 4432 4453 4470 4516 4585 4600 4673 4674 4780 4844 4976 4991 4993 5044 5068 5226 5238 5248 5252 5253 5257 5280 5285 5288 5313 5332 5340 5354 5373 5397 5402 5519 5536 5537 5552 5559 5566 5672 5675 5748 5754 5789 5791 5792 5793 5805 5820 5837 5878 5890 5892 5895 5901 5907 5965 5966 5974 6000 6018 6021 6026 6035 6046 6055 6068 6069 6072 6076 6078 6082 6088 6089 6092 6096 6103 6110 6133 6140 
20 392 614 803 1507 1818 1858 1904 1942 1948 2005 2031 2034 2070 2144 3446 3536 3647 3653 3682 3787 
4 393 496 790 1161 
6 394 625 2015 2047 2160 2574 
34 395 946 969 1015 1190 1220 1402 2674 3169 3192 3214 3226 3300 3336 3568 3574 3607 3627 3691 3783 4003 4054 4082 4087 4356 4608 4771 5161 5292 5294 5318 5338 5349 5351 
5 396 884 1387 1406 1518 
2 397 506 
85 398 511 686 1855 2106 2219 2296 2805 3329 3447 3453 3544 3606 3631 3733 4671 4865 4867 4885 5010 5013 5017 5018 5023 5066 5113 5125 5498 5721 5724 5725 5728 5767 5780 5944 5945 5950 5955 5956 5990 6003 6020 6041 6054 6070 6102 6106 6109 6115 6117 6123 6158 6164 6194 6197 6216 6230 6236 6238 6240 6245 6272 6274 6278 6280 6283 6286 6323 6327 6332 6371 6373 6374 6381 6390 6403 6407 6408 6411 6432 6492 6519 6522 6526 6529 
2 399 502 
