22 0 1340 1475 1860 1874 3849 4018 4982 5218 5220 5308 5324 5741 6066 7597 8354 8430 9260 9313 9561 9607 9657 
36 1 1182 1248 1352 1456 1458 1537 1568 1646 1889 1916 2272 2686 3270 3759 3807 4071 5422 5498 5789 6019 6321 6622 6757 7581 7619 7689 7828 7877 8313 8411 8983 8985 9358 9359 9369 
25 2 575 2279 2333 2897 2929 2996 3001 3017 3602 5004 5014 5320 5351 5440 5582 5723 7299 7754 7861 8892 8958 9157 9549 9956 
36 3 1276 1416 1543 1550 1606 1726 2123 2129 2165 2307 3640 3643 3664 3672 4337 4397 5683 5763 5769 6453 6544 6809 6981 7230 7267 7384 7398 7660 8488 9049 9092 9640 9647 9658 9755 
27 4 1039 1962 2010 2109 2335 3071 3265 3294 3295 4648 5008 6206 7133 7339 7368 7449 7567 8341 8761 8762 8790 8845 9065 9242 9583 9801 
29 5 378 521 1626 1729 1881 1979 2614 2819 2886 3156 3157 3401 4475 4481 4499 4570 4604 4692 6417 6569 6626 6886 7079 7301 7440 9635 9667 9831 
47 6 504 577 598 634 701 760 813 1222 1671 1996 2220 2429 2639 2733 2975 3324 3369 3418 3832 4147 4157 4205 4257 4325 4510 4668 4986 5001 5222 5243 5629 5653 6009 6050 6100 7951 7971 8139 8476 8494 8716 8752 9179 9196 9596 9698 
42 7 414 642 1080 1130 1242 1630 1703 1757 2600 2624 2736 2811 3240 3513 3581 3634 3808 3821 3903 3985 5139 5216 5278 5302 5378 5876 6092 6146 6182 6347 6638 6645 6672 6826 6895 7280 7775 8410 9653 9804 9815 
32 8 404 524 810 1099 1196 1289 1492 1514 2920 5101 5128 5633 5743 6179 7172 7474 7493 7553 7564 7580 7810 7829 8557 8721 8767 8793 8854 9078 9093 9144 9165 
18 9 685 1360 2640 2777 3629 3642 3681 4546 5186 5234 5255 5273 6804 7793 8559 9020 9100 
22 10 1844 1887 1899 2076 2113 2449 2485 2564 2567 3822 3921 7647 8006 8412 8916 9041 9341 9808 9840 9881 9897 
35 11 536 551 1267 1317 1944 2048 2119 2384 2403 2780 2889 2892 3391 3731 4368 4411 4761 4820 4900 6153 6507 6994 7038 7041 7047 7130 8756 8773 9237 9344 9352 9539 9575 9978 
33 12 1065 1110 1291 2476 2561 2646 2878 2964 3018 3353 3439 3453 3651 3703 3741 4260 5141 5513 6088 6112 6296 6810 7058 7189 7640 7668 7848 8148 8256 8352 9171 9515 
28 13 565 732 1097 1100 1246 1381 1471 1967 1992 2066 2291 2719 2909 3120 5702 6096 6835 6993 7188 7522 7968 8512 8981 9169 9314 9477 9509 
21 14 1597 1614 1864 3066 3403 3467 3472 3615 4305 4327 4406 4572 4960 7265 7284 8097 8098 8124 9103 9960 
10 15 1047 1937 6974 7369 7693 9299 9367 9404 9750 
43 16 470 646 917 1033 1443 2079 2234 2339 2911 3102 3180 3227 3422 3441 3539 3926 4473 4804 4847 4995 5409 5506 5622 5649 5861 5866 6061 6647 6847 6891 7127 7184 7252 7290 7375 7913 8178 8186 8207 9390 9457 9953 
20 17 366 374 1452 1719 2306 2357 2582 3737 3761 3941 3947 3971 5457 5687 5742 5754 5870 6064 8091 
30 18 943 1745 2438 2451 2465 3061 3480 4641 4881 4947 5381 5780 5921 6227 6744 7542 7562 7764 7769 7858 7908 7921 7939 7943 8917 9315 9624 9634 9744 
19 19 488 600 1642 1712 1744 2369 2381 3278 3408 3413 3416 3540 3590 6144 7019 8065 8153 8322 
24 20 446 622 677 722 1086 1094 1199 1255 1386 1836 3499 3601 3893 4199 4432 4491 4577 4579 4589 4937 5393 8883 9773 
22 21 586 630 2571 2859 4208 4343 5051 5565 7742 7915 7966 8000 8004 8346 8638 9238 9255 9405 9516 9718 9756 
27 22 455 1171 2084 2139 2150 2218 2276 2295 2998 3012 3033 3179 3193 3203 3286 3378 3379 3657 3865 4000 4558 4606 8197 8252 8429 8611 
29 23 846 919 929 1254 1282 1283 1319 1577 2000 2939 2946 3776 3909 3975 4086 4108 4151 5882 6060 6084 6830 6899 7393 7655 8733 8959 9146 9878 
35 24 806 962 1234 1277 1535 1698 1884 2249 2260 2296 2430 3666 4298 4310 4348 4618 4840 5107 5109 5196 5281 5297 5311 5346 5369 5435 7630 7710 7973 8071 8672 8676 8848 9066 
33 25 559 2147 2149 2390 2754 2849 3009 3459 3485 4318 4346 4359 4489 4721 4726 4875 4909 5029 5279 5618 5727 6407 6844 6915 6937 7141 7159 7297 9353 9384 9444 9522 
21 26 539 727 893 1036 1420 1643 1718 1842 1936 2104 2133 7569 7623 8039 8044 8206 8482 8523 8543 8548 
31 27 1092 1387 1866 2298 2551 2616 2716 2786 3211 3245 3247 3289 3331 3406 3827 4186 4446 6010 6354 6528 8517 8585 8708 8724 8794 9304 9402 9409 9420 9602 
25 28 558 567 713 1102 1116 1143 1391 1497 1502 2030 2190 2214 2805 3716 3738 3845 3846 4088 7136 7325 7370 7464 7518 9338 
29 29 625 758 787 859 863 892 985 1252 1316 1604 1960 2051 2845 3762 3768 6447 7057 7377 7644 7739 8427 8492 8977 9265 9357 9770 9793 9818 
20 30 805 842 4322 4561 4889 5888 7372 7509 8198 8263 8365 8764 8775 8938 9022 9073 9160 9282 9834 
33 31 1448 1473 2142 2196 2492 2592 2755 2826 2979 3041 3489 4828 4930 5427 5539 5576 6008 6516 6549 6666 6755 6812 6894 7416 7570 7673 8320 8370 8493 8509 8584 9195 
25 32 1088 1332 1754 1896 2304 2365 3135 3138 3328 3394 3399 3637 3641 3650 3653 4111 4138 4349 4472 4494 6304 6504 7378 9999 
32 33 464 1583 2545 3645 3942 3960 3969 3980 4256 4373 4453 4545 4622 4681 5313 5403 5590 5604 6028 6508 7768 7786 7881 7894 8474 8717 8774 8891 8894 9685 9752 
22 34 457 1165 1273 2067 2338 4586 4988 5249 6646 7211 7274 7589 7804 8312 8401 8987 8998 9015 9104 9180 9435 
29 35 636 855 1393 1421 1481 1529 2440 4044 4063 4144 4370 4425 4735 4776 4781 4794 5066 5203 5349 5436 5762 7364 7633 8324 8425 8811 9119 9226 
24 36 426 1336 2739 2916 3045 3239 3374 4500 4513 4526 5019 5731 5779 5856 5904 6051 6456 7463 8090 8122 8405 8560 8689 
30 37 517 721 978 1114 1903 2025 2027 2515 2555 2690 2691 2893 2926 2983 5961 5965 6067 6080 6679 6833 6962 7598 8146 8394 8996 9276 9446 9639 9791 
24 38 874 889 1950 1997 2098 2120 3057 3060 3237 4830 4891 4893 4955 5044 5054 6364 6695 6929 7392 8345 9726 9768 9813 
53 39 743 762 1357 1994 2206 2521 3029 3293 3321 4052 4478 4569 4598 5180 5181 5602 5606 5636 5661 5728 5734 5832 6157 6204 6546 6608 6688 6723 6845 6862 6944 7497 7651 7871 8099 8134 8187 8203 8258 8287 8350 8373 8561 8637 8696 8702 8835 8837 8887 8942 9089 9456 
36 40 923 1911 2337 2547 2944 3004 3085 3086 3224 3233 3402 3488 3496 3568 3604 3610 3623 3624 3679 3743 3867 4022 4789 5455 6568 6953 7583 7618 7622 7730 8054 8060 8820 8865 9312 
44 41 564 599 1078 1464 1617 1714 1840 1985 2097 3223 3484 3522 3529 3534 3809 4081 4098 4125 4484 4832 4866 4873 4933 4939 4952 5089 5111 5138 5144 5548 5599 5736 6072 6250 6850 6856 6912 7860 8808 9220 9441 9935 9984 
27 42 514 729 1031 1084 2069 2074 2155 2841 2990 5770 5785 6191 6200 6802 6869 6950 7266 7288 7450 7831 8105 8140 9081 9333 9517 9562 
40 43 680 761 884 1066 1083 1160 1193 1683 1721 1820 2389 2395 2459 2927 3879 3888 3889 3896 4404 4428 5314 5358 5371 5384 5507 5627 6573 6680 6961 7208 7221 7303 8454 8504 9059 9163 9445 9462 9467 
21 44 369 1274 1791 2019 2137 2169 2824 6437 6466 6698 6735 6957 7020 8131 9040 9096 9206 9382 9542 9632 
21 45 440 744 1152 1439 2707 3490 3580 3729 3735 4285 4313 8041 8500 8649 8670 8740 8749 8760 8814 9187 
20 46 745 1027 1038 5125 6248 6382 6403 6548 6841 7207 7961 8107 8113 8199 8332 8355 9297 9303 9826 
27 47 1888 2111 2370 2401 3248 3269 3381 3483 3563 3669 3701 3707 3727 4295 4347 4369 4422 5448 5493 5696 6395 7126 7132 7362 7510 9408 
23 48 799 1275 1384 1547 1659 2783 2804 2839 3023 3352 3667 3699 4731 4983 5289 5353 5626 5914 6002 6828 6943 9839 
29 49 1118 1463 1491 1601 3174 3279 5126 5129 5158 6049 6094 6613 6637 6670 6740 6741 6934 7092 7421 7422 7423 7594 7609 8063 8259 8383 8399 8414 
34 50 876 1330 1660 1803 2006 2099 2100 2467 3396 3469 4788 5542 5713 5730 6283 6290 6750 6859 6966 7007 7146 7183 7273 7318 7430 8070 8617 8635 9034 9042 9121 9527 9643 
45 51 365 816 817 1211 1781 1816 1897 2158 2246 2448 2553 2657 2665 2675 2749 3127 3591 3603 3712 3760 4149 4181 4201 5326 6106 6353 6387 6764 7191 7432 7616 7617 7794 7838 7963 7991 8029 8272 8470 8596 9046 9383 9863 9901 
55 52 576 614 736 845 2509 2576 2643 2797 2800 2834 2840 2980 3134 3198 3206 3611 4188 4267 4330 4464 4465 4655 4792 4805 4806 4885 5474 5655 5996 6165 6272 6297 6322 6399 6438 7062 7246 7269 7295 7366 7385 8437 8616 8688 8823 8861 9373 9406 9426 9540 9603 9889 9957 9992 
32 53 461 1079 1488 1532 1580 1622 1627 1632 1813 1981 2285 2559 4222 4302 4734 4855 5545 5642 5738 5885 6816 7021 7538 7934 8325 8489 8531 9377 9429 9434 9472 
27 54 835 968 1011 1159 1991 3155 3205 3922 3948 3959 4791 4797 4949 5017 5617 6814 7066 7287 7665 7748 9320 9491 9636 9644 9693 9729 
18 55 596 696 1155 2659 2953 3444 5079 6931 7156 7178 7225 7470 7513 8329 8593 8881 9212 
22 56 435 786 1000 1311 2290 3673 4517 4595 5749 6487 6553 6616 6704 6719 8253 8807 8864 8993 9140 9200 9223 
13 57 2556 3130 3151 5803 6122 6130 6494 6609 6661 7386 7406 9415 
28 58 1691 1733 2045 4378 4565 5361 5466 5471 6653 6724 6860 7040 7625 7674 7765 8026 8052 8103 8109 8581 8682 8720 9387 9475 9485 9530 9819 
38 59 356 391 522 530 684 709 1090 1403 1569 1662 1690 2776 2907 2938 2950 3048 3087 3173 3339 3386 4771 4843 5549 6314 6386 6420 7112 7131 7381 7428 7477 7729 8128 8277 9135 9239 9722 
24 60 669 1051 1151 1214 1518 1708 1867 1977 2361 2598 2765 5908 6095 6985 7002 7048 7134 7306 7319 7331 7789 9514 9720 
31 61 906 916 2044 2278 2671 2825 3067 3091 3095 3946 4024 4036 4089 4116 5083 6238 6790 7249 7382 8115 8125 8157 8191 8280 9484 9609 9665 9671 9697 9715 
15 62 1772 2015 6260 6400 6492 6733 7004 7176 7195 7321 7396 7453 7456 9672 
32 63 1202 1383 1447 2421 3587 3592 4306 4323 4417 4514 4652 4749 4766 4899 5207 5292 5732 5777 5793 5859 5923 5929 6188 6246 7029 7443 7460 7842 7995 8048 9994 
33 64 734 770 814 1406 1451 1510 1685 2102 2394 2445 3454 3525 3562 3991 4073 4386 4429 4536 4582 4613 4946 5828 6292 6467 6975 7043 7821 7866 7911 9894 9966 9974 
28 65 449 619 1260 1369 1525 1561 1763 1822 1869 1973 2446 2482 4239 4576 5374 5488 5774 5943 6006 6018 6351 6730 7308 7355 8051 8876 8888 
34 66 405 574 825 930 1372 1483 1515 1531 1539 1562 1573 2008 2186 2271 2275 2789 2957 2961 2965 3875 3928 4308 4980 5688 5787 5868 6426 6535 7151 7791 7897 9842 9874 
21 67 1068 1302 1418 4162 4189 5359 5712 5745 5814 5960 5971 6270 6413 6425 6452 8248 8275 8627 8628 8636 
17 68 602 746 1176 1191 1530 1716 2127 2385 4383 4479 4564 4769 5135 5756 5784 5839 
24 69 672 1504 1717 1824 1922 2052 2171 2192 2310 2358 3015 3509 4643 5501 5709 5875 5991 6271 6480 6629 6751 6918 7571 
42 70 763 844 1136 1506 1544 1938 2230 2487 2728 2741 2798 2905 2923 3705 3999 4003 4227 4231 4927 4936 5257 5503 5567 5685 5693 6136 6172 6203 6590 6956 6987 7224 7255 8005 8010 9005 9229 9452 9645 9687 9892 
19 71 1207 1238 1876 1902 2057 2199 2494 4635 5328 5332 5695 6199 6381 8053 8591 8825 9443 9474 
25 72 1037 1135 1355 1956 2154 2346 3682 3695 3710 3749 3869 3872 4300 4584 4984 5091 5133 5252 5707 5917 6007 8215 8232 8834 
27 73 570 748 940 953 1233 1335 1635 3526 3531 3825 3842 3884 4488 4557 5725 6020 7012 7167 7199 8396 8579 8928 9271 9582 9921 9964 
38 74 689 694 1043 1321 1656 3751 3769 3783 3800 3931 3934 3938 4038 4055 4278 4444 4487 4492 4723 4964 5084 5145 5215 5264 5425 5494 5867 6258 6644 7294 7536 7582 7914 8842 8856 9327 9450 
43 75 548 904 1746 1794 1984 2329 3599 3613 3908 3914 3958 4680 5357 5406 5699 5948 5982 5992 6302 6326 6643 7089 7329 7433 7444 7638 7675 7809 7892 7938 7953 8022 8194 8260 8895 8923 8964 9069 9178 9284 9466 9580 
20 76 1139 1279 1300 1664 2434 3022 3538 3566 3802 4096 4273 4311 4486 7335 7899 7983 8007 8503 9398 
39 77 955 1024 1496 1592 1641 1689 1790 1804 1832 2002 2620 2676 2829 2997 3457 3494 3847 4516 5746 6221 6753 7404 7427 8013 8130 8154 8159 8162 8278 8650 8674 9244 9495 9513 9681 9827 9975 9980 
22 78 445 456 505 751 1025 1052 1914 5113 5522 5836 6168 6829 7054 7485 8408 8777 9584 9616 9716 9730 9745 
33 79 406 569 582 583 664 1132 1180 1431 1438 1567 1675 3567 3633 3793 3816 3820 3852 3866 5583 5833 6498 6611 7023 7345 7408 7816 8094 8379 8496 8545 8626 8675 
29 80 618 864 888 1074 1347 2294 2406 2461 2524 2793 2935 2977 3047 3065 3163 3961 4533 4549 5404 6526 6769 6851 7065 8377 8465 8694 9108 9173 
17 81 2061 2233 3994 4045 4079 4599 5060 5200 5323 5441 6046 8078 8873 9172 9310 9322 
30 82 792 870 2058 2589 2683 2729 2985 3140 3164 3341 3458 3462 3465 3473 3477 3799 6350 6520 7009 7154 7215 7736 8254 9067 9274 9277 9376 9493 9576 
27 83 526 934 1354 2313 2343 3426 3466 3500 3861 4006 4061 4070 4119 5317 6178 6293 6392 6703 7024 8160 8219 8274 8372 9051 9324 9348 
36 84 948 956 959 1327 1334 1419 1578 2503 2818 3690 3775 3876 5460 5564 6069 6901 7240 7347 7526 7678 7702 7753 7777 7826 8242 8371 8424 8745 8850 8853 9307 9337 9800 9865 9941 
22 85 752 909 1499 5822 5916 5977 6183 6193 6510 6669 7137 7349 7419 7534 7606 7763 8245 8544 8571 8618 8673 
40 86 423 1056 1129 1247 1925 1943 2014 2148 2162 2240 2269 2532 3285 3906 3912 4011 4069 4110 4590 4596 4602 4623 5383 5434 5527 6396 6419 6727 6774 6958 7922 7958 7967 8079 8158 8216 8522 8535 8569 
32 87 473 1479 1843 1909 1947 1970 2029 2238 2250 2407 2442 3626 3863 4961 4967 5337 5450 5461 6333 6441 6820 7401 7649 8149 8363 8725 8984 9129 9191 9345 9368 
27 88 1655 1762 1766 2966 3199 3258 3330 4182 4333 4678 4679 4760 4764 4780 4996 5039 5368 5431 6120 8415 8667 9469 9521 9615 9754 9884 
20 89 581 592 681 986 4294 4352 4612 4616 4707 4862 5376 5639 5990 6485 6693 7158 7557 7561 7802 
23 90 1829 1892 2141 2332 3951 3966 4226 5579 5584 5804 5807 6125 8076 8133 8167 8176 8920 9017 9031 9432 9439 9982 
23 91 1669 1748 1758 1805 1957 1989 2264 2393 2450 2623 2630 4080 4093 4126 4890 6287 7342 7475 7752 7784 7853 7872 
20 92 1368 1600 1819 2552 2586 2882 3073 4335 4451 4552 4563 4977 4987 5036 8885 8973 9095 9875 9949 
29 93 532 1070 2808 3356 3382 3670 3675 3708 3736 3834 3894 4435 4759 5161 5508 5681 6152 6433 7441 7458 7595 7603 7706 7779 7849 8339 8568 8631 
38 94 688 925 994 1156 1237 1370 1880 1969 2042 2633 2761 2993 3142 3955 4004 4027 4097 4301 4868 5006 5098 5295 5509 6098 6150 6184 6624 6947 7529 7532 7610 7843 7925 7997 9699 9712 9904 
22 95 782 987 1046 1344 1441 2130 6212 6262 6318 6825 7253 7825 7832 8101 8788 8791 8855 9204 9230 9896 9909 
30 96 867 1026 1161 1838 2341 2347 2363 2375 3586 3715 3723 3754 3778 3779 3787 3805 3815 4693 4694 6280 6483 6534 6734 7316 7445 7806 7851 8132 9261 
33 97 641 878 1146 1389 1595 1788 1809 1955 2022 2140 2217 2237 2274 2575 2594 2658 2894 3030 4029 4046 4057 4058 4354 4379 4695 5071 5106 5213 5283 5481 5775 9631 
21 98 1865 4190 4658 4662 4683 4841 5163 5424 5453 5505 5550 6732 6853 7371 9006 9460 9508 9510 9531 9577 
30 99 476 728 1272 1453 1557 1603 1965 2112 2189 2223 2235 2236 3655 5364 5418 6015 6148 6558 6567 7591 7613 8200 8251 8441 8444 9234 9240 9574 9587 
31 100 512 652 741 966 992 1007 1402 1500 1870 3351 3464 3788 4211 4217 4230 4244 7743 8032 8244 8452 8487 8536 8603 8609 8701 8905 8932 9075 9686 9817 
27 101 491 960 973 1018 1096 1184 1263 1265 1800 2454 2458 2654 2698 2760 2787 4136 4717 5077 5153 5162 5261 6570 6936 7120 7214 9278 
26 102 1251 1305 1713 2933 4420 5411 5641 5705 6443 6592 6684 6858 6951 6986 7052 7407 7639 7767 8621 8765 8783 8907 9011 9061 9267 
44 103 388 691 4066 4414 4421 4725 4742 4754 4778 4848 4906 4932 5042 5291 5334 5341 5398 5480 5543 6124 6291 6532 6933 7149 7220 7238 7340 7820 7954 7980 8147 8952 9007 9137 9185 9309 9449 9571 9690 9700 9763 9931 9969 
30 104 425 433 823 1507 2106 2178 2211 2309 2315 2380 2396 2584 2870 3367 4619 4651 4732 5375 5377 5521 5840 6276 6691 7770 7882 7999 8516 8614 8763 
31 105 706 1306 1823 2153 2317 2344 2569 2823 2847 2941 4928 4970 5407 5737 5740 5748 6784 7243 7296 7658 7912 8055 8155 8445 8506 8541 8836 8975 9037 9330 
15 106 350 1301 2771 2774 4195 4436 4462 5239 5327 5365 5906 6108 8922 9967 
24 107 660 665 1288 1482 2026 2253 2425 2453 3136 5367 5370 6022 6026 6358 6409 6565 7181 7682 8008 8009 8031 8217 9311 
14 108 1776 1886 6429 6515 7014 7484 9328 9512 9553 9622 9761 9794 9803 
29 109 360 1385 1516 1784 1847 1883 2184 2254 2349 2408 5873 6104 6263 6338 6880 6949 6964 7192 7217 7771 8003 8201 8357 8520 8722 8943 9492 9560 
33 110 458 609 847 964 984 1261 3362 5102 5134 5272 5352 5750 5809 6032 6075 6107 6288 6599 7351 7417 7494 7528 7559 7607 8142 8273 8314 8380 9427 9503 9775 9832 
23 111 882 1426 1519 1590 2522 3327 3383 3451 3982 4019 4062 4160 4163 4286 4521 4663 5170 5242 5421 5566 5684 9918 
30 112 1359 1648 1857 2167 3252 3262 3264 3348 3361 3476 3492 3804 5063 5966 6849 7164 7218 7326 7812 7969 8321 8863 8904 9077 9283 9364 9534 9919 9923 
23 113 759 1527 1593 2708 2717 2724 2919 3167 4755 5159 5165 5177 5387 6121 6490 6537 6642 6706 6708 7298 7309 8036 
18 114 382 478 605 853 1705 3263 3290 3435 3595 4131 4135 4364 4433 4439 4541 4624 4627 
31 115 954 1164 1195 1912 3528 3530 3978 3995 4007 4010 4493 5556 5958 5997 6151 6161 6509 6578 6766 6832 7180 8966 9085 9347 9350 9371 9537 9798 9822 9854 
32 116 403 431 511 711 833 902 1016 1227 1281 1299 1411 3236 3320 3326 3405 3415 3506 3532 3533 3588 3620 4882 4910 7424 7576 7629 7901 8181 9159 9168 9419 
25 117 742 1629 1647 3412 4253 5235 5267 5592 5697 5821 5857 6525 6530 6718 6938 6967 7166 7236 7358 7489 7521 7631 7833 9786 
39 118 351 549 936 1141 1178 1278 1511 1795 2114 2324 2404 2472 3719 4505 4554 4556 4701 5305 5546 5761 5768 6327 6439 6464 7179 7412 7525 7602 7719 7979 8016 8019 8288 8306 8664 8930 9928 9962 
13 119 384 553 1751 1797 1841 2987 4090 5871 6233 6445 6561 6659 
23 120 815 838 1210 1239 1435 1778 2012 2287 3266 3372 5585 5950 6190 6195 6268 6649 6836 6913 8419 8440 9459 9753 
28 121 638 851 1474 1501 1521 1551 2064 2242 2362 2660 2752 2756 3282 3395 3461 3630 4009 4012 5593 5671 5925 6533 6822 7478 7556 7814 9000 
36 122 498 510 653 747 899 1105 1113 1203 1257 1558 1931 2188 2207 2642 2792 3694 3700 3871 4912 4989 4992 5022 5116 5187 5227 5339 5635 6187 6335 6370 6522 7248 9080 9176 9463 
38 123 584 2427 3141 3159 3297 3311 3318 3431 3434 3442 3452 3755 4274 4458 4750 6607 6946 7256 7457 8236 8262 8434 8666 8727 8736 8879 9114 9199 9317 9433 9440 9566 9646 9734 9735 9877 9910 
15 124 1157 2011 2163 2193 2257 2289 2609 3544 4303 4482 4798 4834 5211 5901 
29 125 2194 2267 2283 2293 2505 2883 3377 3392 3527 3598 3614 4122 4607 4656 5062 5338 6180 6374 6384 6402 6789 7059 7072 7431 7893 9558 9612 9781 
30 126 452 1188 1323 1407 1470 1834 1862 2078 2089 2204 2768 2821 2973 3508 4796 4943 4991 5070 5074 5259 5269 5309 6324 6571 6683 6900 7118 7194 9213 
28 127 483 1415 1424 1477 4532 4551 4650 4773 5122 5224 5382 5664 6174 6628 6673 6696 7163 8243 8462 8525 8598 8615 8843 8877 9473 9585 9932 
22 128 1223 1653 1723 1756 4107 4477 4777 4901 4921 5268 5316 5757 6500 7123 8495 8779 9189 9258 9407 9848 9925 
32 129 656 698 981 1326 1455 1727 1885 2038 2538 2885 2914 3109 3571 3635 4522 4559 4609 4886 4981 4993 6365 7006 7762 7807 7923 7932 8057 8366 8703 9264 9758 
25 130 708 1048 1425 1827 1852 4049 4076 4468 7928 7957 8257 8513 8564 8595 8606 8898 9048 9203 9241 9461 9570 9604 9660 9694 
55 131 506 518 764 843 933 976 1541 1693 1999 2210 2475 2902 2986 3050 3215 3306 3308 3518 3551 3557 3616 3773 3780 3905 3913 4265 4345 4535 4730 4854 5160 5830 5927 5973 6033 6506 6575 6654 6662 6882 7070 7096 7128 7182 7507 7541 7676 8227 8279 8433 8648 8766 8816 8826 
40 132 997 1175 1512 2495 2502 2636 2647 2807 3034 3535 3916 3925 6133 6257 6273 6694 6715 6909 7094 7119 7196 7261 7402 7434 7465 7635 7686 7982 8112 8171 8172 8772 8785 8805 8971 9236 9380 9416 9529 
30 133 556 1423 2967 3007 3170 3848 3858 4155 4166 4250 4350 4824 5010 5040 5201 5586 5818 6170 6298 6309 6488 6580 7962 8061 8064 9741 9856 9883 9906 
16 134 419 749 2931 3148 3187 3208 3246 5701 5817 6111 6115 6286 8021 9519 9739 
32 135 362 2356 2489 2607 2884 3303 4894 5202 5329 5408 5456 5484 5544 5662 5663 5670 5800 6038 6201 6415 7086 8297 8483 8501 8640 8754 8956 9071 9102 9689 9979 
26 136 621 2599 2976 3042 3117 3189 3214 3235 5093 5108 5847 6034 6344 6995 7150 7718 7728 7792 7875 9340 9372 9400 9578 9599 9714 
29 137 1017 1109 1533 2021 2484 2590 2615 2644 3168 3192 3360 3390 4262 4953 5171 5560 8304 8582 8683 8700 9027 9072 9182 9287 9680 9683 9759 9776 
16 138 1213 1312 1668 1913 2508 3844 3851 4506 5510 5704 6499 8166 8351 9105 9620 
24 139 1126 1292 2645 4434 4672 4898 5048 5551 6348 6495 6559 6581 6651 6739 6948 6968 7032 7087 7451 7563 7579 7592 8143 
21 140 354 2423 2857 3474 3584 3596 4270 5064 5767 5791 5829 7311 7473 7940 8537 8620 9291 9301 9319 9532 
26 141 2392 2871 2915 2930 4351 4774 4940 5164 5168 5176 5214 5230 5296 5397 5452 5665 5897 5944 6356 7175 7455 7540 7879 9703 9732 
27 142 1839 1927 2447 2470 2715 2928 3020 3126 3752 4413 4450 4567 5465 6551 6552 6598 6690 7761 7948 8464 8776 8780 8918 8934 9074 9222 
35 143 931 980 1942 1959 1974 2501 2530 2781 3116 3226 3456 3801 3898 5124 5650 5936 6538 6593 6665 6817 6945 7076 7227 8018 8023 8045 8183 8246 8750 8751 9208 9421 9430 9721 
23 144 654 1625 2056 2144 2205 2444 2527 2604 5037 5472 5605 6582 6831 6997 7320 7359 7504 7568 7586 7945 9478 9706 
27 145 1863 2491 3177 3482 6076 6145 6305 6432 6711 6839 6930 7452 7663 7667 7782 8089 8880 8900 9342 9356 9431 9438 9796 9872 9951 9954 
22 146 903 1008 1014 2013 2046 2516 4002 5254 5318 7459 7466 7482 8819 8875 8882 9091 9109 9153 9245 9248 9259 
31 147 735 935 1571 1575 2041 2835 3125 3143 3281 3468 3479 4753 4917 5842 5892 5994 6245 6588 6768 6917 6940 7097 7720 7850 7919 8944 8991 9052 9058 9836 
38 148 444 651 798 908 945 1218 1318 1351 1459 1837 3537 3877 5099 5140 5464 5552 5658 5680 5797 5933 6097 6705 6746 7312 7800 7924 7931 8119 8164 8175 8348 8382 8532 8687 9249 9437 9742 
32 149 644 1376 1542 1607 2050 2065 2610 2738 2795 2802 2836 4518 6564 6926 6969 7077 7186 7228 7233 7257 7399 7738 7988 8862 9217 9331 9545 9610 9713 9723 9938 
34 150 377 1023 1266 1589 1771 1817 2003 2092 2277 2376 2511 2593 2638 2655 2684 3758 3797 4259 4291 6579 7005 8305 8438 8642 8665 8955 8961 9197 9326 9559 9597 9922 9929 
33 151 967 2222 2262 2424 2428 2504 2526 2602 2763 3349 3354 3430 3495 3512 3545 3639 3836 4783 5721 6023 7418 8050 8319 8646 8660 8693 8849 9101 9483 9490 9608 9611 
27 152 538 555 1673 2542 2554 3817 3843 3882 3887 5076 5561 5610 5657 5863 6713 6760 7367 7420 7652 7952 8025 8202 8223 8469 9318 9829 
33 153 372 578 687 738 788 866 1138 1228 1241 1280 1341 1602 1859 1871 1929 2071 2316 2364 3744 3850 5816 5886 6313 6436 7442 7500 7544 7574 7745 9662 9780 9835 
22 154 540 725 1111 1740 1924 3445 3714 3745 3763 3970 4031 4056 5288 5711 6045 6171 7486 7992 7993 9124 9130 
25 155 416 702 979 1298 1663 2960 4640 4745 4752 5118 5849 5879 6058 6189 6898 7353 7884 8117 8144 8209 8231 8309 9751 9908 
24 156 359 970 971 1022 1093 1190 1631 2170 2858 3016 3098 3497 4028 4234 4403 4416 4528 4593 5739 6239 6771 6919 7250 
35 157 480 1002 1581 2456 2908 3019 3107 3277 3901 5175 5266 5304 5319 5331 5396 5625 5845 5939 6056 6385 6463 6625 6792 6805 6971 6990 7091 7144 7363 7383 7681 7700 8249 8420 
34 158 879 913 922 1346 2068 2145 2673 3644 3658 4560 4942 5031 5038 5241 5533 5956 6070 6118 6230 6373 6473 6497 6562 6596 6890 7190 7235 7400 7679 7715 8106 9733 9778 
26 159 671 1005 1115 2402 2758 2937 2992 4629 4661 4699 4836 4895 4911 5209 5262 5342 5446 6261 6634 6747 7168 7219 7776 8884 9224 
24 160 841 1405 1417 2070 3315 3346 3366 4391 4539 4839 4857 4920 5000 5790 5919 6105 6471 7169 8047 8068 8069 8074 9937 
19 161 873 1612 1715 1768 1835 2034 2261 2325 2368 2627 2674 2794 3123 4833 4913 5300 9499 9523 
27 162 3188 3191 3201 3838 3904 4020 4113 4130 4233 4353 4363 4376 4418 4461 4515 6091 6132 6315 8549 8610 8735 8851 8878 9158 9361 9708 
15 163 927 1755 2810 2888 3728 3766 3902 5112 5783 6126 6837 6868 7015 7989 
38 164 415 560 829 891 1107 1333 1353 1366 1830 2353 2637 2796 2848 3105 3113 3870 3880 4615 5348 6372 6377 6390 6398 6555 7425 7523 8037 8043 8082 8261 8356 8378 8524 8530 9413 9670 9912 
25 165 869 983 1019 1284 1297 1528 1676 1872 2197 4035 4077 5717 5955 6158 6455 6501 6514 6589 7388 7601 9417 9593 9738 9917 
44 166 447 1948 1964 2867 2891 2956 3122 3357 3702 3953 3977 3998 4023 4161 4167 4169 4240 4320 5401 5492 5512 5826 5907 6343 6389 6393 7027 7716 7722 7835 7863 7869 8317 8417 8739 8939 8980 9008 9036 9039 9589 9618 9806 
32 167 492 587 666 767 784 812 990 1006 2241 2243 2302 2331 2373 2374 2528 2578 2580 2667 2936 3254 4179 4249 4684 4686 4708 5993 6013 6163 6214 6668 7387 
36 168 1054 1427 1449 1680 1785 2898 3750 4447 4531 4923 4926 4957 4966 5082 5379 5445 5949 6209 6235 6339 6601 7705 8270 8285 8326 8361 8594 9025 9128 9628 9648 9649 9678 9746 9903 
17 169 395 932 1189 3501 4474 4497 5899 6167 6736 7242 7282 7405 7909 7956 9711 9927 
32 170 363 657 1069 1103 1169 1939 2397 2399 2405 2531 2959 3027 3063 4263 4269 4390 5088 5206 5643 6237 6334 6379 7223 8587 8677 8690 8838 8948 8953 8999 9392 
34 171 467 674 715 794 920 1077 1798 2709 2714 3516 3781 4183 4746 4817 5072 5478 5538 5557 5766 5778 5782 6857 7081 7106 7157 7506 8404 8933 9112 9184 9507 9623 9625 
33 172 2157 2288 3161 3777 3790 3798 4129 4409 4440 4718 4729 4810 4858 4915 5451 5491 6177 6197 6502 6772 6999 7030 7044 7302 8466 8547 8746 8945 8990 8997 9053 9684 
36 173 588 629 1490 1545 1670 3810 3814 3829 3841 3895 4504 4543 4603 4637 4782 4785 4844 4845 4887 5009 5020 5057 5256 5530 5813 6047 6220 6550 6574 7645 7906 8385 8450 8471 8577 
25 174 373 912 1362 1450 1978 2488 3008 3919 4608 4634 5962 5980 6457 6815 6865 6977 7251 7972 8359 8457 8970 9412 9619 9666 
37 175 949 982 1998 2519 2563 2705 3024 3080 3202 3322 3347 3498 3550 3989 4332 4365 4811 4951 5046 5047 5065 5476 5534 5729 5747 6196 6215 6222 6275 6368 8413 8451 8859 9098 9275 9354 
45 176 1167 1594 1920 1958 2378 2409 2611 3608 3683 3734 3854 3883 3891 3929 3972 3992 4134 4143 5275 5280 5596 5616 5648 5788 5820 5853 5953 6024 6041 6676 6743 7037 7694 7873 7885 8056 8269 8286 8485 8502 8612 8886 9154 9814 
46 177 489 890 1382 1396 1652 2391 2710 2773 2784 2830 2842 3076 3115 3119 3124 3181 3298 3792 3826 3855 3857 4341 4388 4605 4682 4874 5110 5174 5536 5776 5860 6431 6663 6908 7512 7847 7986 7990 8292 8364 8481 8599 8770 8828 8868 
31 178 2059 2652 3145 3305 3417 3449 3543 3607 3628 3943 4837 5166 5179 5372 5439 6619 6639 6675 6677 6721 6838 6889 7593 7758 7785 7795 8001 8017 8418 8821 
24 179 796 803 1208 1728 1952 2036 2195 2239 2417 2510 2677 4065 4483 5190 5523 5679 6406 6584 6617 6630 6759 7614 7626 
22 180 432 1035 1061 1380 1608 1851 2543 3275 3698 3774 4251 4266 4511 4905 5432 6073 8347 9605 9614 9626 9637 
24 181 637 1015 1616 1945 2134 2486 2924 3212 3541 3554 3570 3622 4380 4639 4665 4671 4835 5350 5360 5878 6756 6840 9795 
39 182 705 828 856 1134 1219 1287 2880 2962 3108 3144 3234 3380 3772 3837 3839 3886 4005 4075 4185 4758 4819 4850 5050 5183 5191 5260 5265 5978 6000 6243 6307 6312 6446 6883 7036 7124 7187 9410 
40 183 554 777 1290 1338 1801 1858 1901 2350 2748 2788 2863 2913 2995 3195 3555 3561 3789 3791 3794 3974 3976 3993 4100 4117 4171 4645 4673 4689 4698 4724 4954 5188 5889 5951 5986 6367 6449 7515 9888 
12 184 924 1230 1285 1476 2093 4945 5540 5570 7797 9736 9748 
32 185 376 860 1028 1394 1650 2400 2910 3021 3273 3313 3316 4220 4243 4255 5825 7060 7177 7281 7537 8607 8714 8748 8789 8872 8989 9062 9116 9266 9296 9844 9849 
41 186 534 611 667 670 682 918 1020 1145 1174 1181 1710 2345 2478 2737 2746 2753 2906 3002 4374 4419 4430 4525 4573 4592 5253 5345 5706 5722 5773 6478 6876 6921 7073 7827 7865 8177 8222 9094 9201 9709 
26 187 834 1486 1548 1633 1769 2103 2263 2534 3410 3786 3923 4026 4084 4242 4246 6602 6655 6664 7171 7314 7539 9076 9099 9494 9505 
36 188 974 1198 1329 1462 1509 1724 2191 2549 3502 3730 3765 3785 4319 4321 4469 4934 4998 5691 5726 5759 5926 5940 6539 6557 6615 6848 7226 7241 7985 8442 8458 8671 8728 9281 9393 
32 189 443 519 659 1457 1598 1765 1861 2176 2328 2471 2900 2981 3037 3216 3831 3833 4059 4067 4644 4696 4715 6043 6274 6308 6378 7039 7084 7232 9397 9501 9525 
24 190 593 2107 2221 2247 2876 2970 3064 3228 3238 4968 5947 6005 6030 6109 6529 7462 7573 7590 7685 9149 9246 9365 9867 
29 191 462 1072 1162 1442 1526 1672 1923 2695 4381 4394 4705 4720 5447 5678 6218 6362 6543 6623 6640 6689 6702 6955 7454 7461 9123 9138 9468 9983 
24 192 430 1342 1460 4630 5117 5148 5155 5172 5178 5233 5354 5529 6470 6540 6709 7193 7212 7237 7279 8276 8757 9946 9973 
33 193 733 941 1045 1064 1133 1404 1613 1932 1990 2001 2007 2481 2632 2922 3035 4047 4078 4085 4578 4657 5137 5251 5277 5363 5628 5631 5716 5831 5872 5922 7210 7324 
29 194 494 737 1123 1172 1186 1466 2248 2497 2520 2560 2585 2608 2670 2688 2732 2735 5322 5979 6014 6185 6465 6469 6477 6486 6928 7322 7469 7495 
25 195 398 402 785 1907 2225 2251 2974 3056 3956 4015 4053 4083 4204 4210 4540 4601 4632 6021 6331 6712 6906 6911 8349 8662 
30 196 712 795 1779 2463 2651 2875 3133 4279 4384 4463 4490 4527 5244 5315 5463 5620 5915 6074 6207 6600 6854 7201 7413 7437 7588 7760 7774 7783 9792 
19 197 1095 1752 1783 1982 2077 2678 2706 2958 3081 3429 3636 3677 6361 6394 6699 7555 7790 7888 
20 198 545 615 640 804 1231 4315 4748 4814 5185 5287 5864 8924 8927 9202 9254 9487 9695 9805 9810 
32 199 703 1379 1789 2125 2550 2693 4048 4132 4816 4849 5306 5321 5473 5594 5645 5677 5999 6089 6128 6141 6489 7446 7480 7646 8189 8218 8446 8718 8979 9205 9243 
21 200 400 411 2252 2266 2529 2626 4495 4722 4772 6462 6692 6884 6897 8950 9016 9050 9115 9289 9696 9988 
31 201 1480 2663 2820 3150 3182 4271 4281 4288 4385 5290 5423 5470 6042 6205 6241 6434 6461 6563 7584 7585 7714 8624 8695 8782 9088 9262 9305 9334 9360 9422 
25 202 1256 1654 2227 2367 2832 2838 5660 6101 6234 6454 6726 6795 6807 7016 7162 7254 7365 7476 7628 7732 7839 8734 8737 8747 
30 203 1106 1286 2311 2730 2814 3209 4118 4184 4221 4224 4309 4356 4467 4508 4872 5924 7332 7677 7695 7874 7929 7933 8310 8340 8795 8813 9024 9858 9939 
22 204 441 496 2433 2443 2679 5095 5120 5223 5632 5848 6208 6225 6255 6340 6369 6867 6878 7550 7900 8072 8238 
44 205 454 627 690 802 872 881 1361 1373 1611 1731 2603 3049 3455 3585 4538 4617 4626 4669 4838 5156 5500 5531 5603 5609 5623 5724 6728 6773 6808 7723 8179 8369 8622 8630 8709 8711 8753 8802 8903 9272 9306 9481 9538 
25 206 420 1163 1200 2318 2377 2432 2625 4664 4861 5248 5468 5518 5667 6336 6404 6737 6770 7165 7391 7862 9183 9451 9556 9688 
23 207 465 529 1732 1850 1904 2597 2606 2619 2631 2680 3089 3103 3505 3515 5553 5935 6131 6360 6527 6566 6605 7185 
28 208 408 482 1345 1377 2086 2558 2720 3323 3389 3409 4043 4460 4763 5027 5192 5247 6277 6346 6656 6678 6682 7735 7759 8185 8214 8697 9710 
25 209 991 1010 1358 2605 3579 3582 3583 3748 4950 5034 5656 6632 7105 7527 7648 7684 7781 8647 8712 9221 9351 9555 9588 9846 
37 210 1472 1609 1730 1737 1975 2812 2912 3079 3104 3222 3268 3575 3600 3632 3782 3819 3881 3897 3924 4229 4581 4958 5514 5588 5591 5869 6536 6627 6641 7313 7566 7830 8180 8226 9388 9591 
35 211 523 975 1753 1793 2018 3463 3478 4013 4261 4272 4342 4437 4520 4697 4739 5271 5303 5410 5437 5438 6071 6160 6244 7276 8168 8265 8296 8362 8768 9018 9021 9799 9971 9986 
21 212 358 790 1001 1310 1495 1560 2166 2713 2762 3131 6731 6748 7088 7415 7680 7709 7766 9470 9942 9987 
25 213 370 897 926 993 2618 2634 2932 3132 3217 3280 3319 3427 3840 3864 3930 3950 4784 5032 5035 5413 5637 6965 7852 7902 
33 214 413 649 977 2031 2039 2518 2539 2890 2991 3094 3370 3510 4128 4268 4426 4676 4744 4892 4918 4941 4979 5890 5900 5967 5970 7074 7661 8294 8723 9045 9464 9972 
20 215 768 1309 1395 1454 4677 6349 6650 6754 6873 7031 8264 9595 9606 9641 9772 9905 9945 9948 9970 
30 216 410 421 451 693 797 951 1098 4289 4587 4614 4685 4703 4801 5392 5611 5700 6424 6765 6902 6905 7200 7554 7864 7867 8686 8972 8992 8995 9014 
42 217 397 668 778 915 958 1235 1307 1313 1337 1412 1446 2228 2864 3523 3724 4512 4690 5078 5096 5146 5204 5568 6029 6093 6138 6211 6576 6657 6749 7026 7271 7341 7410 8298 9362 9363 9401 9546 9652 9674 9788 
35 218 439 450 663 700 1091 1153 1559 2187 2591 2687 3169 3196 3740 4178 4293 4360 4362 4449 4719 5515 5802 5974 6116 6117 6319 6451 6606 7344 7395 7704 7727 9308 9543 9915 
24 219 822 3647 4121 4154 4825 4826 4908 6154 6545 7330 7612 7707 7808 8204 8221 8538 8633 8778 8781 9082 9520 9717 9824 
27 220 399 471 557 1268 1434 2319 4994 5210 6224 6328 6547 7746 7815 7818 7822 7846 8104 8120 8282 8283 8407 8490 8550 8623 8976 9633 
28 221 610 683 717 1131 1150 1192 1687 1891 2110 2156 2181 4170 4851 4922 5115 5394 8096 8331 8539 8575 8809 8824 8839 9019 9060 9455 9496 
19 222 1154 1270 1433 1640 1786 1868 2004 2216 3051 3503 4807 4809 5298 5333 5475 5558 5578 9425 
28 223 1120 2573 2837 4878 4902 5194 5270 5416 5482 6524 6594 6777 6885 6923 7056 7198 7204 8908 8949 8994 9056 9063 9247 9385 9418 9866 9997 
29 224 944 947 1140 1232 1348 1388 1534 1556 2033 2073 2414 2452 2587 2740 3046 3660 3915 4120 4175 4944 5647 5781 5957 6102 6716 6725 6960 7115 
31 225 487 525 772 1694 2202 2281 2613 2895 3100 4969 5024 5061 5299 5772 5959 6556 6782 7095 7100 7152 7435 7496 7834 8081 8173 8239 8597 9787 9845 9893 
46 226 950 1177 1205 1375 1760 1854 2040 2105 2200 2757 3152 3162 3312 3325 3560 3606 3627 3665 3757 3853 4176 4202 4336 4392 4399 4544 5238 5389 5786 5796 5835 6458 6738 6855 6979 7122 7773 7859 8499 8505 8554 8555 9162 9174 9321 
28 227 612 655 755 1432 1877 1895 1908 1951 1987 2982 3092 3106 3746 4485 4653 4654 4741 4852 4948 5025 5312 5652 5811 5884 6781 8230 8632 
16 228 1042 1044 1121 1523 1806 2159 5142 5152 5941 8449 8913 8919 9479 9486 9659 
24 229 427 2692 3334 3338 3420 3552 3559 4334 4876 5477 5526 5694 6542 6595 6866 6881 7083 7379 7578 7596 8453 8553 8572 
31 230 502 862 1350 1619 1759 1878 1917 2570 2699 3070 3075 3260 3359 3397 3687 3693 3696 3963 4236 4282 5414 5504 5806 5858 6142 7003 7548 8526 8527 8578 
19 231 839 1831 1856 1919 1968 2212 2474 2548 2772 4865 6803 6920 7022 7090 7778 7780 7803 8755 
34 232 857 2483 3172 3302 3387 3388 3407 3487 3662 3784 4357 4443 4457 4688 4860 5998 6012 6036 6079 6329 6345 6583 6729 7245 7560 7896 8150 8213 8337 8398 8601 8710 9882 
23 233 753 1128 1410 1582 1695 1706 2546 4519 4591 4647 4700 6667 6681 7173 7292 7688 7690 7880 8368 8534 9002 9930 
24 234 928 1365 3911 3935 4924 5127 5132 5336 5385 5753 5792 5852 5938 5945 6202 6320 6742 6813 8521 8661 9161 9288 9355 
21 235 852 1538 1725 2009 2135 2179 2209 2352 2881 2904 2921 2968 5495 5880 5894 5932 6082 6621 7259 9996 
19 236 535 757 1085 1665 1711 1849 1935 2696 4123 4642 4846 4965 6513 6604 6932 7641 7798 9565 
36 237 380 422 499 591 707 789 849 1179 1552 1621 4299 4441 4466 5119 5390 5930 5969 6560 7034 7049 7103 7202 7209 7307 8639 8947 8978 9010 9399 9535 9551 9677 9783 9790 9821 
36 238 352 1050 1063 1262 1304 1399 1546 1775 2174 2334 2387 2466 2779 2815 3118 3139 4387 4471 4638 6916 6973 7025 7053 7170 7805 7854 8077 8281 8334 8486 8567 8940 9563 9749 9913 
27 239 766 886 1185 1229 1811 1918 2535 2650 2664 2782 4164 4196 4277 5157 5217 5467 5755 5912 5975 6685 6775 6824 7055 7099 7155 7289 
23 240 623 2469 2496 2536 2537 2583 3210 3652 4611 4620 4775 5638 6231 6311 6503 6924 7035 7508 7837 8801 9117 9193 
22 241 692 724 754 1894 2256 2817 2822 3114 3190 3241 5173 5221 5226 5528 6059 6134 6779 6797 6863 6984 8574 
38 242 448 493 561 686 1076 2751 3077 3686 3720 4241 4296 4897 4963 4971 5400 5402 5496 5537 5666 5708 5744 5851 5913 6391 6954 7101 7315 7403 7467 7472 8220 8511 8514 9292 9389 9907 9950 
13 243 808 1075 1853 6982 7125 7429 7439 7503 7621 9489 9548 9879 
29 244 1119 1221 1436 1644 3443 3565 3618 3619 3692 3711 4050 4060 4312 4331 4340 4580 4610 5104 5310 5621 5692 7343 7490 8659 9506 9598 9651 9654 
32 245 1147 1513 2062 2245 2473 2544 2581 3697 3874 4039 4102 4109 4566 4674 5068 5182 5189 6422 6518 6554 6864 6892 7045 8422 8562 8654 8832 8925 8935 8941 9126 
29 246 375 434 1220 1408 1588 2138 2168 2711 2769 4284 4344 4358 4401 5263 5399 5420 5442 6169 6798 7903 8038 8852 8897 9211 9251 9668 9899 9985 
32 247 371 661 1108 1747 2379 3088 3090 3593 3597 3811 4001 4339 4372 4389 4733 4869 5575 5589 5877 6037 6162 6266 7071 7135 7488 7511 7757 7889 7918 8558 8936 
31 248 459 1314 1963 2126 2436 2622 2791 3519 3949 4008 4877 5240 5764 5987 6371 6778 6893 7213 7222 7286 7291 7524 7572 7608 7724 8605 8651 8715 8866 9253 
37 249 1422 1554 1618 1814 2016 2032 2201 2229 2557 2617 2778 3371 3423 3437 3556 3968 3984 4191 4283 5049 5169 6762 7017 7278 7499 7920 8255 8335 8681 8692 8726 8738 8902 9701 9771 9789 
27 250 390 438 875 1249 1339 1400 1572 3605 4228 4316 4454 4456 4529 4808 7051 7333 7389 7687 8163 8188 9210 9378 9528 9707 9765 9782 
34 251 628 769 1271 1315 1324 2208 2431 2816 2865 3230 5085 5123 5335 5428 5444 5972 6052 6077 6114 6236 6316 7310 7772 7801 8059 8592 8604 8893 8946 9043 9424 9436 9526 
29 252 809 957 1125 1356 1401 1409 1553 1954 2096 2124 2146 2286 2500 3069 3678 4215 4523 4691 5419 5547 5563 5805 6087 6228 6294 6380 9594 9998 
22 253 679 750 2759 2868 3000 4398 4480 4636 4649 4740 4779 4959 6597 6872 6904 7001 7327 7357 7481 8899 8986 
25 254 463 490 3764 3767 4193 4238 4377 4393 4396 4867 4976 7102 7107 7110 8110 8118 8205 8225 8657 8713 8784 9502 9747 9812 
20 255 361 604 1624 3726 3733 4767 5429 6423 6448 6481 7505 7517 7530 7813 7946 8174 8224 8290 8960 
43 256 563 616 633 840 896 1563 1826 1941 1949 1972 2161 2164 2273 3304 3398 3432 3517 3521 3691 3742 3990 5219 5559 5587 5624 5758 6175 6700 6710 6978 7082 7216 7448 8507 8546 8551 8874 9009 9453 9518 9568 9592 
19 257 386 484 626 676 776 1127 1206 1258 1610 1667 1688 2641 2662 3055 3373 3663 9476 9862 
40 258 1478 1764 1873 1986 2416 2455 2541 2574 2723 2852 2856 2984 2994 3032 3039 3053 3059 3062 4258 4329 4530 4548 6229 6254 6300 6823 6861 6896 7028 7153 7823 7904 7994 8024 8299 8847 8967 9886 9887 
52 259 771 821 969 1437 1636 3363 3376 3438 3486 3520 4034 4192 4823 4914 5002 5028 5274 5294 5412 5426 5479 5571 6435 6652 6870 6935 6942 6991 7264 7304 7356 7447 7910 7916 7955 8284 8333 8542 8583 8641 8691 8705 8742 8799 9642 9766 9885 9952 9958 9981 9993 
28 260 528 541 942 998 1029 1112 2035 2280 2327 2577 2629 2775 3421 3917 4016 5067 5231 5246 7698 7699 7701 8030 8086 9218 9860 9955 9976 
23 261 2108 2219 2305 2628 2661 2801 3988 4127 4232 7109 7615 7998 8075 8645 8653 8656 8870 9030 9032 9047 9054 9070 
30 262 775 837 1013 2117 2312 2701 2702 2747 2809 3110 3722 3747 4054 4124 4879 4931 4985 8015 8145 8233 8300 8311 8668 8968 9113 9155 9784 9825 9841 
46 263 673 1555 1585 1677 1890 2132 2412 2415 2426 2734 2764 2813 2869 2949 3343 3424 3460 3547 3661 3721 4264 5081 5114 5581 5735 5808 5883 6135 6284 6780 6806 6903 7605 7713 8020 8315 8343 8479 8518 8969 9055 9087 9675 9762 9807 
19 264 501 589 801 898 1750 4621 5301 5356 6519 7926 8468 8588 8643 8869 8889 9198 9569 9959 
48 265 858 937 961 1149 1579 1707 1855 2055 2175 2215 2226 2292 2300 2342 2418 2703 2766 2945 3183 3218 3232 3813 3890 3939 4214 4431 4476 4714 4802 4870 5229 5250 5307 5535 5810 5954 6140 6210 6359 6484 7949 7960 8080 8087 8116 9816 9828 
33 266 1331 1484 2047 2090 2525 4180 4198 4412 4670 4687 5015 5041 5143 5516 5524 5555 6081 6176 6332 6410 6821 7659 7917 8182 8247 8293 8342 8798 8910 9864 9873 9920 
23 267 550 793 861 1243 2017 2303 2360 2464 2828 2988 3885 3899 3910 4659 4667 4938 6442 9650 9705 9737 9740 9743 
14 268 2666 2861 2934 4884 5964 6720 6819 8002 8570 8896 8909 8963 9013 
32 269 497 547 774 946 972 1032 1308 1666 3771 3936 3937 3967 5607 6039 6980 7545 7731 8034 8042 8092 8193 8212 8336 8338 8376 8685 8758 8951 9127 9302 9329 
24 270 357 479 2203 2854 3128 3171 3274 3276 3803 4524 5086 5458 5619 5862 6401 6460 6941 7142 8307 8367 8375 8744 9414 
30 271 1591 2080 2095 2118 2971 3112 3149 3873 3927 3940 3944 4139 4153 4174 4770 4896 4975 5080 5325 5405 5469 5601 5646 7637 7876 9004 9156 9256 9298 
25 272 595 650 1596 2745 3044 3448 3470 3689 4074 4091 4140 4207 4290 4382 4883 6992 7160 7283 8084 8392 8619 9270 9802 9820 
23 273 1428 1565 1738 1780 2180 2182 2314 3806 4470 4704 4711 4786 5714 5968 6686 6843 7740 7741 7891 8731 8840 9991 
27 274 353 401 460 533 617 697 1493 1686 1720 2213 2507 3219 4172 4459 4498 4555 4675 5087 5184 5995 8475 8540 9145 9227 9629 9764 
43 275 381 608 865 2043 2088 2151 2198 2340 2596 2874 2899 3284 3287 3333 3569 3674 3717 3824 3835 4146 4275 4287 4304 4594 4631 4736 4904 5167 5654 5911 6016 6416 6614 6618 6786 8344 8455 8529 8937 8962 9136 9141 
20 276 635 1060 1137 2498 2566 3225 3654 3656 3659 4793 5898 6053 6166 6459 7239 7262 7887 7890 8428 
37 277 854 1073 1117 1144 1485 1749 1845 2513 2872 3036 3054 3078 3257 3296 3299 3548 3574 3577 3818 3823 3862 3907 3973 4355 4361 5007 5011 5045 5130 5343 5710 6110 6585 6717 6783 6787 
22 278 1055 1398 1522 1576 2565 4962 5055 5092 5225 5276 5984 6256 6776 6800 7650 7796 7855 8301 8519 8818 9504 
23 279 783 938 1021 2383 2901 2954 3129 3153 3933 3945 3962 4803 5005 5043 5669 5895 7883 8129 8706 9151 9880 9900 
20 280 513 546 723 3158 3433 3594 5030 5094 5795 5942 6216 7907 8136 8421 8680 8698 8931 9090 9134 
37 281 516 537 580 675 1209 1930 2843 3317 3365 4297 4338 4375 4646 4666 4727 5013 5090 5366 5640 5668 5834 5981 6827 6922 6983 7275 7376 7394 7708 7725 7811 8040 9225 9233 9370 9600 
10 282 1430 4324 5433 5519 5689 5887 6129 6242 6375 
23 283 409 475 481 495 585 710 939 1041 1623 2063 2082 2517 2725 3176 3355 4328 4575 8169 8403 8473 8786 8810 
27 284 1194 1204 1224 1742 1799 1893 3336 3546 5459 5760 5902 6003 7346 7531 8266 9001 9033 9086 9107 9118 9147 9152 9215 9290 9366 9403 
25 285 731 773 1148 1392 3261 3335 3345 3400 4534 4550 4822 4916 5293 5462 5577 5819 5920 5963 6521 9026 9111 9544 9811 9837 
28 286 387 914 996 1004 1682 1875 1898 2978 4252 4254 5454 5489 5682 5686 5837 6363 6818 6925 6988 7498 7664 8165 9106 9110 9164 9843 9926 
18 287 396 485 2595 3197 3713 4765 5395 6674 7533 7535 7624 9057 9480 9482 9579 9630 9890 
33 288 385 579 894 1030 1087 1173 1226 1429 1440 1574 1639 1674 1704 1777 1792 1796 1812 2321 2493 5525 5612 5614 5952 6155 6801 7061 7067 7093 7117 7161 8062 8073 
35 289 571 800 1201 1217 1397 1767 1787 1915 2244 2846 2952 3981 3996 4103 4237 4245 4395 4405 4407 4415 4827 5003 5237 5827 5931 6633 6788 7672 7788 8237 8663 8707 8812 9132 
24 290 895 1679 2918 2943 3038 3253 3446 3549 3578 5198 5430 5511 6251 7600 7620 8035 8093 8400 8431 8771 8860 8912 9891 
32 291 466 662 695 905 2075 2121 2128 2372 2649 2947 4177 4442 4743 4929 4990 5485 5532 5613 6068 6476 6505 7360 7657 7817 8011 8046 8358 8510 8652 8787 9219 
11 292 6113 6149 6164 6871 7414 8161 8170 8190 8954 9131 
17 293 1363 1444 1469 1620 2322 4660 4702 4795 4919 7050 7064 7336 8533 8915 9079 9125 
27 294 648 807 1071 1166 1879 4115 4142 4371 4427 4509 4553 4737 5073 5615 5896 5988 5989 6192 6388 6541 6852 8316 8929 9323 9379 9536 
31 295 437 1058 1187 1325 1570 1599 1684 1940 2183 2185 2386 2398 2562 5075 5103 6767 7013 7683 7930 7942 8012 8195 8210 8416 8566 8580 9166 9823 9870 9895 
27 296 726 1245 1696 1818 2672 2726 3220 4101 5634 5698 5850 6472 6791 6793 6794 6952 6963 7374 7959 7964 7974 8028 8447 8472 8741 8871 
18 297 392 607 678 765 1320 1371 1549 2790 2887 3414 4042 4200 4247 4502 4907 7397 8926 
36 298 436 620 720 824 1158 1489 1734 1774 3014 3074 4709 4738 4757 5023 5131 5205 5580 6001 6342 6496 6811 7042 7632 8196 8302 8435 8484 8491 8684 8704 8792 9386 9454 9809 9995 
39 299 1487 1498 1508 1649 2115 2284 2297 2668 2727 3194 3830 3856 3859 3987 4030 4087 4145 4152 4209 4424 4496 4625 4628 5012 5059 5486 5983 6083 6289 7075 7263 7577 7666 8228 8406 8669 8730 8759 
37 300 477 1040 1236 1244 1976 2152 2224 2437 2579 2785 3221 3244 3507 3704 3725 5874 5893 6103 6366 6474 6479 6635 7008 7018 7670 7712 7726 7756 7840 7936 7981 8658 9263 9279 9557 9638 
18 301 407 566 2419 2568 2712 2827 3184 3342 4800 5033 5105 5909 6055 6323 6572 7010 7138 
24 302 2101 2411 3756 3878 3997 4032 4223 4235 4248 4280 4367 6063 6253 6383 6972 7111 7147 7483 7870 8229 8901 9133 9167 
15 303 424 428 531 1012 3649 3718 5719 6186 6279 7970 8127 9181 9524 9838 
37 304 472 500 632 643 1250 1296 1846 3099 3178 3542 3589 3625 3732 4314 4317 4402 4408 4571 4633 5150 5846 5910 6040 6156 6612 6758 7492 7587 7697 7717 7737 7947 8114 8308 8679 8921 
15 305 1216 1524 2091 5765 6086 6194 7671 8151 8271 8295 8914 9661 9704 9728 
27 306 389 1681 1739 1770 2005 2023 2083 2085 2136 2299 3052 3166 5798 5799 6025 8083 8088 9268 9269 9339 9411 9586 9757 9785 9830 9911 
25 307 2351 2477 2731 2955 3043 3160 3979 4021 5520 5554 5918 6252 6337 6658 7744 8388 8423 8443 8461 8608 9252 9471 9777 9797 
22 308 952 1124 1520 1536 3860 3868 4537 4542 4574 5136 5199 6411 6412 6591 7139 7352 7549 8138 8552 8589 8625 
30 309 383 562 645 2336 2354 2441 2866 2873 2972 3093 3231 3259 3307 3364 3709 3739 3753 5449 5490 5812 5838 5905 6247 6523 7300 7519 7599 7636 9232 
29 310 474 730 963 989 1293 1295 1921 1980 2860 3003 3301 3481 4194 5720 5843 6428 6475 7121 7348 7654 7662 7691 8235 8318 8803 8804 9214 9250 
40 311 367 603 716 1240 1825 1848 2060 2468 2514 2803 3612 3621 5388 5562 5751 5794 6035 6842 7317 7350 7502 7643 7824 7927 7944 7984 8528 8600 8699 8982 9143 9192 9257 9541 9547 9601 9621 9664 9724 
28 312 1049 1505 3288 5208 6065 6440 6610 6763 6939 7260 8409 8436 8456 8743 8827 9003 9064 9122 9190 9381 9423 9554 9590 9676 9682 9847 9963 
20 313 901 1971 2499 3795 3918 3957 3964 4017 4092 4751 4768 4871 4935 4956 6745 6761 7104 7114 7203 
41 314 417 508 631 647 1101 1882 2301 2410 2682 2855 3068 3097 3524 3576 3631 3638 4072 4133 4165 4216 4225 5733 5934 5985 6139 6282 6317 6620 7148 7268 7987 8014 8033 8121 8137 8797 8806 9396 9943 9965 
28 315 1009 1034 1615 1815 2037 2588 2700 5056 5121 5976 6226 6278 6427 6586 6874 6887 7069 7078 7108 7543 7551 7836 8111 8817 8844 8911 9947 
31 316 469 639 1378 1586 1628 1697 1808 1995 2131 2282 2382 4756 4864 5058 5608 5855 6143 6181 6631 6879 7733 7750 7751 8556 9035 9209 9231 9349 9655 9857 
36 317 418 658 779 831 848 1390 1651 1692 1810 2020 2160 3309 3329 4040 4041 4148 4187 4455 4790 4799 4863 4973 5497 6054 6217 7068 7565 7819 7905 7935 7937 8576 8815 9142 9853 
35 318 850 1062 1215 1467 1584 1700 2143 2480 2572 2697 2742 2940 2963 3006 3204 3440 3491 3609 3617 3648 4812 4831 4999 5052 5069 6004 6027 6031 6531 7409 9175 9500 9564 9702 
35 319 355 486 718 780 995 999 1264 1294 1343 1741 1905 1910 2081 2721 2942 3010 3419 3688 4064 5499 5572 5690 6240 6482 7145 7197 7411 7886 8386 9375 9428 9552 9691 9990 
23 320 811 826 2268 2359 2862 2903 2925 3026 3368 3385 6636 7611 8027 8108 8123 8152 8459 9120 9139 9447 9656 9692 
31 321 379 442 1414 1494 1802 1988 1993 2833 2844 2948 3011 5573 5574 5703 5715 7334 7338 7426 7898 8058 8066 8067 8085 8719 8800 9038 9335 9851 9855 9934 
28 322 507 827 836 1761 1782 2053 2255 2330 2523 2635 2722 3954 4197 4600 5212 6198 6264 6714 6796 6989 7206 8291 8426 8460 9295 9300 9316 
31 323 429 830 965 1183 1303 2072 2355 3185 3251 3272 3358 3475 3514 3676 4099 4859 6341 6910 7244 7272 7293 7436 7755 7965 7976 8906 9228 9235 9673 9989 
41 324 590 781 819 1736 1900 1934 2853 2951 3058 3111 3337 4082 4400 4585 5195 5197 5386 5517 5630 5675 5676 5771 5801 5823 6078 6085 6223 6285 6414 7113 7277 7328 7845 8208 8387 8432 8822 9188 9617 9727 
51 325 527 910 921 1089 1170 1517 1678 1701 1709 1833 2116 3375 3493 3796 3952 4366 4583 4597 4710 4997 5021 5053 5258 5355 5373 5391 7000 7033 7046 7063 7098 7129 7205 7270 7390 7468 7747 7799 7857 8393 8563 8565 8586 9346 9442 9488 9573 9613 9669 9769 
31 326 394 1540 1564 1661 1699 2024 2388 2831 2877 3084 3314 4501 4588 5097 5151 5154 5228 5362 5380 6057 6299 6587 7552 7734 7787 7941 8867 8890 9294 9961 
18 327 699 791 2850 3404 3411 3428 3646 5344 5674 7337 7634 8381 9028 9084 9177 9779 9916 
28 328 393 515 597 719 887 911 4037 4158 4206 4503 4547 4568 5718 6352 6976 7116 7140 7247 8267 8402 8629 8729 8833 8957 9023 9097 9550 
20 329 453 1349 1367 1605 1807 2028 2689 3310 3671 6355 6998 7323 7604 7627 8678 9012 9068 9273 9924 
39 330 568 624 1946 2177 2265 2320 2366 2490 2767 3147 3892 4218 4219 4307 4410 4762 6011 6044 6303 6357 6408 6491 6914 7285 7868 7977 8049 8327 8360 8374 8477 8478 8480 8634 8655 8841 8857 9150 
30 331 1104 1735 1928 1983 2049 2601 2750 4712 5330 5347 5487 5502 5541 6119 6301 6834 6875 7711 7841 7844 7895 7975 8184 8289 9374 9391 9572 9679 9977 
27 332 756 2087 2122 2656 3200 3207 4747 4888 5417 5752 5841 5937 5946 6249 6493 7143 7174 7575 7749 8448 9448 9458 9719 9731 9767 9869 
27 333 542 573 1828 2533 3249 3344 4448 4507 4728 4856 5415 5672 6147 6295 6430 6648 6846 7085 7229 7258 7361 7996 8390 9044 9336 9876 
31 334 613 818 1461 1966 2258 2744 2851 3005 3025 3031 3083 3983 3986 4014 4033 4051 4438 5286 5443 5569 5644 5891 6048 6707 7305 8613 8769 8796 9497 9944 
22 335 520 739 1503 1587 3028 3256 3812 4445 6127 6173 6577 6660 7080 8100 8353 8732 8858 9083 9395 9861 9914 
38 336 412 1953 2054 3175 3186 3242 3271 3283 3291 3393 3965 4203 4212 4787 4853 4880 4903 5193 5232 5815 6062 6376 6517 6697 6877 7487 7514 7516 7703 8156 8829 8988 9186 9286 9293 9850 9940 
42 337 880 883 988 1053 1057 1081 1374 1961 2270 2435 2457 2479 2743 2770 2969 2999 3154 3300 3332 3450 3536 3558 3684 3706 4423 5026 5282 5854 6265 6310 7231 7234 8241 8268 8391 8439 8830 9567 9725 9898 9902 
34 338 2439 2512 3250 3425 3436 3564 3770 4094 4326 4452 4706 4978 5016 5018 5903 6219 6269 6281 6325 6397 6722 6799 7354 7471 8095 8330 8384 8389 8498 8508 9325 9833 9868 
16 339 509 601 1259 3384 3668 3828 3932 4168 4276 5284 6259 6444 6970 6996 7011 
32 340 543 820 868 1269 1322 1465 1645 1657 2308 4104 4114 4141 4972 5340 5651 5844 5881 5928 6017 6099 6450 6468 6512 6671 6752 7501 7546 7547 8974 9511 9852 
26 341 1059 1082 1638 1773 1926 2989 3165 3213 3229 3292 4150 4815 4842 5147 5236 6137 6888 6927 6959 8240 8397 8515 9498 9533 9627 
22 342 704 885 1067 1566 1933 2094 2173 2806 4025 4292 6421 6603 6785 7373 8126 8135 8141 8192 8250 8303 8573 
34 343 468 552 594 1197 1364 1722 2420 2462 2648 3040 4105 4106 4137 4159 4173 4213 4562 4818 5245 6232 6405 6418 6511 6907 7642 8102 8323 8395 8467 9332 9394 9663 9968 
20 344 877 2231 2326 2694 2799 3096 4095 4156 5598 5673 5824 6090 6159 6267 6306 6330 6687 7380 8234 
33 345 364 503 606 871 907 1003 1122 1142 1168 1212 1413 1468 2348 2371 2422 2612 2685 3101 3121 3146 3255 3267 6213 7491 7950 7978 8328 8463 8590 8965 9581 9859 
34 346 368 1328 1658 1702 2879 2896 2917 3013 3072 3082 3137 3447 3471 3553 3685 3900 4813 4821 4925 5659 6123 6701 7558 7653 7669 7692 7696 7721 9029 9148 9285 9760 9871 
32 347 1225 1253 2172 2323 2413 2540 2653 2681 2704 2718 3243 3340 3350 3504 3511 3572 3573 3680 3920 4068 4112 5149 7438 7479 7520 7656 7856 7878 8211 8497 9170 
25 348 900 1637 1821 2460 2506 2621 2669 4713 4716 4829 4974 5483 5595 5597 5600 5865 8602 8644 8831 8846 9194 9207 9280 9465 
19 349 544 572 714 740 832 1445 1634 1743 1906 2232 2259 5100 5285 9216 9343 9774 9933 9936 
